[2026-04-27T05:31:36.710Z] Error: Student query failed: Schema hasn't been registered for model "Room".
Use mongoose.model(name, schema)
    at GET (webpack-internal:///(rsc)/./src/app/api/student/dashboard/route.js:61:19)
    at process.processTicksAndRejections (node:internal/process/task_queues:105:5)
    at async AppRouteRouteModule.do (D:\Sp\Projects\Hostelhub\node_modules\next\dist\compiled\next-server\app-route.runtime.dev.js:5:40732)
    at async AppRouteRouteModule.handle (D:\Sp\Projects\Hostelhub\node_modules\next\dist\compiled\next-server\app-route.runtime.dev.js:5:47861)
    at async responseGenerator (webpack-internal:///(rsc)/./node_modules/next/dist/build/webpack/loaders/next-app-loader/index.js?name=app%2Fapi%2Fstudent%2Fdashboard%2Froute&page=%2Fapi%2Fstudent%2Fdashboard%2Froute&appPaths=&allNormalizedAppPaths=&pagePath=private-next-app-dir%2Fapi%2Fstudent%2Fdashboard%2Froute.js&appDir=D%3A%5CSp%5CProjects%5CHostelhub%5Csrc%5Capp&pageExtensions=tsx&pageExtensions=ts&pageExtensions=jsx&pageExtensions=js&rootDir=D%3A%5CSp%5CProjects%5CHostelhub&isDev=true&tsconfigPath=&basePath=&assetPrefix=&nextConfigOutput=&preferredRegion=&middlewareConfig=e30%3D&isGlobalNotFoundEnabled=!:244:38)
    at async AppRouteRouteModule.handleResponse (D:\Sp\Projects\Hostelhub\node_modules\next\dist\compiled\next-server\app-route.runtime.dev.js:1:227141)
    at async handleResponse (webpack-internal:///(rsc)/./node_modules/next/dist/build/webpack/loaders/next-app-loader/index.js?name=app%2Fapi%2Fstudent%2Fdashboard%2Froute&page=%2Fapi%2Fstudent%2Fdashboard%2Froute&appPaths=&allNormalizedAppPaths=&pagePath=private-next-app-dir%2Fapi%2Fstudent%2Fdashboard%2Froute.js&appDir=D%3A%5CSp%5CProjects%5CHostelhub%5Csrc%5Capp&pageExtensions=tsx&pageExtensions=ts&pageExtensions=jsx&pageExtensions=js&rootDir=D%3A%5CSp%5CProjects%5CHostelhub&isDev=true&tsconfigPath=&basePath=&assetPrefix=&nextConfigOutput=&preferredRegion=&middlewareConfig=e30%3D&isGlobalNotFoundEnabled=!:307:32)
    at async Module.handler (webpack-internal:///(rsc)/./node_modules/next/dist/build/webpack/loaders/next-app-loader/index.js?name=app%2Fapi%2Fstudent%2Fdashboard%2Froute&page=%2Fapi%2Fstudent%2Fdashboard%2Froute&appPaths=&allNormalizedAppPaths=&pagePath=private-next-app-dir%2Fapi%2Fstudent%2Fdashboard%2Froute.js&appDir=D%3A%5CSp%5CProjects%5CHostelhub%5Csrc%5Capp&pageExtensions=tsx&pageExtensions=ts&pageExtensions=jsx&pageExtensions=js&rootDir=D%3A%5CSp%5CProjects%5CHostelhub&isDev=true&tsconfigPath=&basePath=&assetPrefix=&nextConfigOutput=&preferredRegion=&middlewareConfig=e30%3D&isGlobalNotFoundEnabled=!:362:13)
    at async DevServer.renderToResponseWithComponentsImpl (D:\Sp\Projects\Hostelhub\node_modules\next\dist\server\base-server.js:1454:9)
    at async DevServer.renderPageComponent (D:\Sp\Projects\Hostelhub\node_modules\next\dist\server\base-server.js:1506:24)
    at async DevServer.renderToResponseImpl (D:\Sp\Projects\Hostelhub\node_modules\next\dist\server\base-server.js:1556:32)
    at async DevServer.pipeImpl (D:\Sp\Projects\Hostelhub\node_modules\next\dist\server\base-server.js:1043:25)
    at async NextNodeServer.handleCatchallRenderRequest (D:\Sp\Projects\Hostelhub\node_modules\next\dist\server\next-server.js:338:17)
    at async DevServer.handleRequestImpl (D:\Sp\Projects\Hostelhub\node_modules\next\dist\server\base-server.js:934:17)
    at async D:\Sp\Projects\Hostelhub\node_modules\next\dist\server\dev\next-dev-server.js:394:20
    at async Span.traceAsyncFn (D:\Sp\Projects\Hostelhub\node_modules\next\dist\trace\trace.js:164:20)
    at async DevServer.handleRequest (D:\Sp\Projects\Hostelhub\node_modules\next\dist\server\dev\next-dev-server.js:390:24)
    at async invokeRender (D:\Sp\Projects\Hostelhub\node_modules\next\dist\server\lib\router-server.js:253:21)
    at async handleRequest (D:\Sp\Projects\Hostelhub\node_modules\next\dist\server\lib\router-server.js:452:24)
    at async requestHandlerImpl (D:\Sp\Projects\Hostelhub\node_modules\next\dist\server\lib\router-server.js:501:13)
    at async Server.requestListener (D:\Sp\Projects\Hostelhub\node_modules\next\dist\server\lib\start-server.js:225:13)
[2026-04-27T06:16:13.979Z] Error: Student query failed: Schema hasn't been registered for model "Room".
Use mongoose.model(name, schema)
    at GET (webpack-internal:///(rsc)/./src/app/api/student/dashboard/route.js:61:19)
    at process.processTicksAndRejections (node:internal/process/task_queues:105:5)
    at async AppRouteRouteModule.do (D:\Sp\Projects\Hostelhub\node_modules\next\dist\compiled\next-server\app-route.runtime.dev.js:5:40732)
    at async AppRouteRouteModule.handle (D:\Sp\Projects\Hostelhub\node_modules\next\dist\compiled\next-server\app-route.runtime.dev.js:5:47861)
    at async responseGenerator (webpack-internal:///(rsc)/./node_modules/next/dist/build/webpack/loaders/next-app-loader/index.js?name=app%2Fapi%2Fstudent%2Fdashboard%2Froute&page=%2Fapi%2Fstudent%2Fdashboard%2Froute&appPaths=&allNormalizedAppPaths=&pagePath=private-next-app-dir%2Fapi%2Fstudent%2Fdashboard%2Froute.js&appDir=D%3A%5CSp%5CProjects%5CHostelhub%5Csrc%5Capp&pageExtensions=tsx&pageExtensions=ts&pageExtensions=jsx&pageExtensions=js&rootDir=D%3A%5CSp%5CProjects%5CHostelhub&isDev=true&tsconfigPath=&basePath=&assetPrefix=&nextConfigOutput=&preferredRegion=&middlewareConfig=e30%3D&isGlobalNotFoundEnabled=!:244:38)
    at async AppRouteRouteModule.handleResponse (D:\Sp\Projects\Hostelhub\node_modules\next\dist\compiled\next-server\app-route.runtime.dev.js:1:227141)
    at async handleResponse (webpack-internal:///(rsc)/./node_modules/next/dist/build/webpack/loaders/next-app-loader/index.js?name=app%2Fapi%2Fstudent%2Fdashboard%2Froute&page=%2Fapi%2Fstudent%2Fdashboard%2Froute&appPaths=&allNormalizedAppPaths=&pagePath=private-next-app-dir%2Fapi%2Fstudent%2Fdashboard%2Froute.js&appDir=D%3A%5CSp%5CProjects%5CHostelhub%5Csrc%5Capp&pageExtensions=tsx&pageExtensions=ts&pageExtensions=jsx&pageExtensions=js&rootDir=D%3A%5CSp%5CProjects%5CHostelhub&isDev=true&tsconfigPath=&basePath=&assetPrefix=&nextConfigOutput=&preferredRegion=&middlewareConfig=e30%3D&isGlobalNotFoundEnabled=!:307:32)
    at async Module.handler (webpack-internal:///(rsc)/./node_modules/next/dist/build/webpack/loaders/next-app-loader/index.js?name=app%2Fapi%2Fstudent%2Fdashboard%2Froute&page=%2Fapi%2Fstudent%2Fdashboard%2Froute&appPaths=&allNormalizedAppPaths=&pagePath=private-next-app-dir%2Fapi%2Fstudent%2Fdashboard%2Froute.js&appDir=D%3A%5CSp%5CProjects%5CHostelhub%5Csrc%5Capp&pageExtensions=tsx&pageExtensions=ts&pageExtensions=jsx&pageExtensions=js&rootDir=D%3A%5CSp%5CProjects%5CHostelhub&isDev=true&tsconfigPath=&basePath=&assetPrefix=&nextConfigOutput=&preferredRegion=&middlewareConfig=e30%3D&isGlobalNotFoundEnabled=!:362:13)
    at async DevServer.renderToResponseWithComponentsImpl (D:\Sp\Projects\Hostelhub\node_modules\next\dist\server\base-server.js:1454:9)
    at async DevServer.renderPageComponent (D:\Sp\Projects\Hostelhub\node_modules\next\dist\server\base-server.js:1506:24)
    at async DevServer.renderToResponseImpl (D:\Sp\Projects\Hostelhub\node_modules\next\dist\server\base-server.js:1556:32)
    at async DevServer.pipeImpl (D:\Sp\Projects\Hostelhub\node_modules\next\dist\server\base-server.js:1043:25)
    at async NextNodeServer.handleCatchallRenderRequest (D:\Sp\Projects\Hostelhub\node_modules\next\dist\server\next-server.js:338:17)
    at async DevServer.handleRequestImpl (D:\Sp\Projects\Hostelhub\node_modules\next\dist\server\base-server.js:934:17)
    at async D:\Sp\Projects\Hostelhub\node_modules\next\dist\server\dev\next-dev-server.js:394:20
    at async Span.traceAsyncFn (D:\Sp\Projects\Hostelhub\node_modules\next\dist\trace\trace.js:164:20)
    at async DevServer.handleRequest (D:\Sp\Projects\Hostelhub\node_modules\next\dist\server\dev\next-dev-server.js:390:24)
    at async invokeRender (D:\Sp\Projects\Hostelhub\node_modules\next\dist\server\lib\router-server.js:253:21)
    at async handleRequest (D:\Sp\Projects\Hostelhub\node_modules\next\dist\server\lib\router-server.js:452:24)
    at async requestHandlerImpl (D:\Sp\Projects\Hostelhub\node_modules\next\dist\server\lib\router-server.js:501:13)
    at async Server.requestListener (D:\Sp\Projects\Hostelhub\node_modules\next\dist\server\lib\start-server.js:225:13)
[2026-04-27T06:16:15.575Z] Error: Student query failed: Schema hasn't been registered for model "Room".
Use mongoose.model(name, schema)
    at GET (webpack-internal:///(rsc)/./src/app/api/student/dashboard/route.js:61:19)
    at process.processTicksAndRejections (node:internal/process/task_queues:105:5)
    at async AppRouteRouteModule.do (D:\Sp\Projects\Hostelhub\node_modules\next\dist\compiled\next-server\app-route.runtime.dev.js:5:40732)
    at async AppRouteRouteModule.handle (D:\Sp\Projects\Hostelhub\node_modules\next\dist\compiled\next-server\app-route.runtime.dev.js:5:47861)
    at async responseGenerator (webpack-internal:///(rsc)/./node_modules/next/dist/build/webpack/loaders/next-app-loader/index.js?name=app%2Fapi%2Fstudent%2Fdashboard%2Froute&page=%2Fapi%2Fstudent%2Fdashboard%2Froute&appPaths=&allNormalizedAppPaths=&pagePath=private-next-app-dir%2Fapi%2Fstudent%2Fdashboard%2Froute.js&appDir=D%3A%5CSp%5CProjects%5CHostelhub%5Csrc%5Capp&pageExtensions=tsx&pageExtensions=ts&pageExtensions=jsx&pageExtensions=js&rootDir=D%3A%5CSp%5CProjects%5CHostelhub&isDev=true&tsconfigPath=&basePath=&assetPrefix=&nextConfigOutput=&preferredRegion=&middlewareConfig=e30%3D&isGlobalNotFoundEnabled=!:244:38)
    at async AppRouteRouteModule.handleResponse (D:\Sp\Projects\Hostelhub\node_modules\next\dist\compiled\next-server\app-route.runtime.dev.js:1:227141)
    at async handleResponse (webpack-internal:///(rsc)/./node_modules/next/dist/build/webpack/loaders/next-app-loader/index.js?name=app%2Fapi%2Fstudent%2Fdashboard%2Froute&page=%2Fapi%2Fstudent%2Fdashboard%2Froute&appPaths=&allNormalizedAppPaths=&pagePath=private-next-app-dir%2Fapi%2Fstudent%2Fdashboard%2Froute.js&appDir=D%3A%5CSp%5CProjects%5CHostelhub%5Csrc%5Capp&pageExtensions=tsx&pageExtensions=ts&pageExtensions=jsx&pageExtensions=js&rootDir=D%3A%5CSp%5CProjects%5CHostelhub&isDev=true&tsconfigPath=&basePath=&assetPrefix=&nextConfigOutput=&preferredRegion=&middlewareConfig=e30%3D&isGlobalNotFoundEnabled=!:307:32)
    at async Module.handler (webpack-internal:///(rsc)/./node_modules/next/dist/build/webpack/loaders/next-app-loader/index.js?name=app%2Fapi%2Fstudent%2Fdashboard%2Froute&page=%2Fapi%2Fstudent%2Fdashboard%2Froute&appPaths=&allNormalizedAppPaths=&pagePath=private-next-app-dir%2Fapi%2Fstudent%2Fdashboard%2Froute.js&appDir=D%3A%5CSp%5CProjects%5CHostelhub%5Csrc%5Capp&pageExtensions=tsx&pageExtensions=ts&pageExtensions=jsx&pageExtensions=js&rootDir=D%3A%5CSp%5CProjects%5CHostelhub&isDev=true&tsconfigPath=&basePath=&assetPrefix=&nextConfigOutput=&preferredRegion=&middlewareConfig=e30%3D&isGlobalNotFoundEnabled=!:362:13)
    at async DevServer.renderToResponseWithComponentsImpl (D:\Sp\Projects\Hostelhub\node_modules\next\dist\server\base-server.js:1454:9)
    at async DevServer.renderPageComponent (D:\Sp\Projects\Hostelhub\node_modules\next\dist\server\base-server.js:1506:24)
    at async DevServer.renderToResponseImpl (D:\Sp\Projects\Hostelhub\node_modules\next\dist\server\base-server.js:1556:32)
    at async DevServer.pipeImpl (D:\Sp\Projects\Hostelhub\node_modules\next\dist\server\base-server.js:1043:25)
    at async NextNodeServer.handleCatchallRenderRequest (D:\Sp\Projects\Hostelhub\node_modules\next\dist\server\next-server.js:338:17)
    at async DevServer.handleRequestImpl (D:\Sp\Projects\Hostelhub\node_modules\next\dist\server\base-server.js:934:17)
    at async D:\Sp\Projects\Hostelhub\node_modules\next\dist\server\dev\next-dev-server.js:394:20
    at async Span.traceAsyncFn (D:\Sp\Projects\Hostelhub\node_modules\next\dist\trace\trace.js:164:20)
    at async DevServer.handleRequest (D:\Sp\Projects\Hostelhub\node_modules\next\dist\server\dev\next-dev-server.js:390:24)
    at async invokeRender (D:\Sp\Projects\Hostelhub\node_modules\next\dist\server\lib\router-server.js:253:21)
    at async handleRequest (D:\Sp\Projects\Hostelhub\node_modules\next\dist\server\lib\router-server.js:452:24)
    at async requestHandlerImpl (D:\Sp\Projects\Hostelhub\node_modules\next\dist\server\lib\router-server.js:501:13)
    at async Server.requestListener (D:\Sp\Projects\Hostelhub\node_modules\next\dist\server\lib\start-server.js:225:13)
[2026-04-27T06:18:46.159Z] Error: Student query failed: Schema hasn't been registered for model "Room".
Use mongoose.model(name, schema)
    at GET (webpack-internal:///(rsc)/./src/app/api/student/dashboard/route.js:61:19)
    at process.processTicksAndRejections (node:internal/process/task_queues:105:5)
    at async AppRouteRouteModule.do (D:\Sp\Projects\Hostelhub\node_modules\next\dist\compiled\next-server\app-route.runtime.dev.js:5:40732)
    at async AppRouteRouteModule.handle (D:\Sp\Projects\Hostelhub\node_modules\next\dist\compiled\next-server\app-route.runtime.dev.js:5:47861)
    at async responseGenerator (webpack-internal:///(rsc)/./node_modules/next/dist/build/webpack/loaders/next-app-loader/index.js?name=app%2Fapi%2Fstudent%2Fdashboard%2Froute&page=%2Fapi%2Fstudent%2Fdashboard%2Froute&appPaths=&allNormalizedAppPaths=&pagePath=private-next-app-dir%2Fapi%2Fstudent%2Fdashboard%2Froute.js&appDir=D%3A%5CSp%5CProjects%5CHostelhub%5Csrc%5Capp&pageExtensions=tsx&pageExtensions=ts&pageExtensions=jsx&pageExtensions=js&rootDir=D%3A%5CSp%5CProjects%5CHostelhub&isDev=true&tsconfigPath=&basePath=&assetPrefix=&nextConfigOutput=&preferredRegion=&middlewareConfig=e30%3D&isGlobalNotFoundEnabled=!:244:38)
    at async AppRouteRouteModule.handleResponse (D:\Sp\Projects\Hostelhub\node_modules\next\dist\compiled\next-server\app-route.runtime.dev.js:1:227141)
    at async handleResponse (webpack-internal:///(rsc)/./node_modules/next/dist/build/webpack/loaders/next-app-loader/index.js?name=app%2Fapi%2Fstudent%2Fdashboard%2Froute&page=%2Fapi%2Fstudent%2Fdashboard%2Froute&appPaths=&allNormalizedAppPaths=&pagePath=private-next-app-dir%2Fapi%2Fstudent%2Fdashboard%2Froute.js&appDir=D%3A%5CSp%5CProjects%5CHostelhub%5Csrc%5Capp&pageExtensions=tsx&pageExtensions=ts&pageExtensions=jsx&pageExtensions=js&rootDir=D%3A%5CSp%5CProjects%5CHostelhub&isDev=true&tsconfigPath=&basePath=&assetPrefix=&nextConfigOutput=&preferredRegion=&middlewareConfig=e30%3D&isGlobalNotFoundEnabled=!:307:32)
    at async Module.handler (webpack-internal:///(rsc)/./node_modules/next/dist/build/webpack/loaders/next-app-loader/index.js?name=app%2Fapi%2Fstudent%2Fdashboard%2Froute&page=%2Fapi%2Fstudent%2Fdashboard%2Froute&appPaths=&allNormalizedAppPaths=&pagePath=private-next-app-dir%2Fapi%2Fstudent%2Fdashboard%2Froute.js&appDir=D%3A%5CSp%5CProjects%5CHostelhub%5Csrc%5Capp&pageExtensions=tsx&pageExtensions=ts&pageExtensions=jsx&pageExtensions=js&rootDir=D%3A%5CSp%5CProjects%5CHostelhub&isDev=true&tsconfigPath=&basePath=&assetPrefix=&nextConfigOutput=&preferredRegion=&middlewareConfig=e30%3D&isGlobalNotFoundEnabled=!:362:13)
    at async DevServer.renderToResponseWithComponentsImpl (D:\Sp\Projects\Hostelhub\node_modules\next\dist\server\base-server.js:1454:9)
    at async DevServer.renderPageComponent (D:\Sp\Projects\Hostelhub\node_modules\next\dist\server\base-server.js:1506:24)
    at async DevServer.renderToResponseImpl (D:\Sp\Projects\Hostelhub\node_modules\next\dist\server\base-server.js:1556:32)
    at async DevServer.pipeImpl (D:\Sp\Projects\Hostelhub\node_modules\next\dist\server\base-server.js:1043:25)
    at async NextNodeServer.handleCatchallRenderRequest (D:\Sp\Projects\Hostelhub\node_modules\next\dist\server\next-server.js:338:17)
    at async DevServer.handleRequestImpl (D:\Sp\Projects\Hostelhub\node_modules\next\dist\server\base-server.js:934:17)
    at async D:\Sp\Projects\Hostelhub\node_modules\next\dist\server\dev\next-dev-server.js:394:20
    at async Span.traceAsyncFn (D:\Sp\Projects\Hostelhub\node_modules\next\dist\trace\trace.js:164:20)
    at async DevServer.handleRequest (D:\Sp\Projects\Hostelhub\node_modules\next\dist\server\dev\next-dev-server.js:390:24)
    at async invokeRender (D:\Sp\Projects\Hostelhub\node_modules\next\dist\server\lib\router-server.js:253:21)
    at async handleRequest (D:\Sp\Projects\Hostelhub\node_modules\next\dist\server\lib\router-server.js:452:24)
    at async requestHandlerImpl (D:\Sp\Projects\Hostelhub\node_modules\next\dist\server\lib\router-server.js:501:13)
    at async Server.requestListener (D:\Sp\Projects\Hostelhub\node_modules\next\dist\server\lib\start-server.js:225:13)
[2026-04-27T06:18:48.202Z] Error: Student query failed: Schema hasn't been registered for model "Room".
Use mongoose.model(name, schema)
    at GET (webpack-internal:///(rsc)/./src/app/api/student/dashboard/route.js:61:19)
    at process.processTicksAndRejections (node:internal/process/task_queues:105:5)
    at async AppRouteRouteModule.do (D:\Sp\Projects\Hostelhub\node_modules\next\dist\compiled\next-server\app-route.runtime.dev.js:5:40732)
    at async AppRouteRouteModule.handle (D:\Sp\Projects\Hostelhub\node_modules\next\dist\compiled\next-server\app-route.runtime.dev.js:5:47861)
    at async responseGenerator (webpack-internal:///(rsc)/./node_modules/next/dist/build/webpack/loaders/next-app-loader/index.js?name=app%2Fapi%2Fstudent%2Fdashboard%2Froute&page=%2Fapi%2Fstudent%2Fdashboard%2Froute&appPaths=&allNormalizedAppPaths=&pagePath=private-next-app-dir%2Fapi%2Fstudent%2Fdashboard%2Froute.js&appDir=D%3A%5CSp%5CProjects%5CHostelhub%5Csrc%5Capp&pageExtensions=tsx&pageExtensions=ts&pageExtensions=jsx&pageExtensions=js&rootDir=D%3A%5CSp%5CProjects%5CHostelhub&isDev=true&tsconfigPath=&basePath=&assetPrefix=&nextConfigOutput=&preferredRegion=&middlewareConfig=e30%3D&isGlobalNotFoundEnabled=!:244:38)
    at async AppRouteRouteModule.handleResponse (D:\Sp\Projects\Hostelhub\node_modules\next\dist\compiled\next-server\app-route.runtime.dev.js:1:227141)
    at async handleResponse (webpack-internal:///(rsc)/./node_modules/next/dist/build/webpack/loaders/next-app-loader/index.js?name=app%2Fapi%2Fstudent%2Fdashboard%2Froute&page=%2Fapi%2Fstudent%2Fdashboard%2Froute&appPaths=&allNormalizedAppPaths=&pagePath=private-next-app-dir%2Fapi%2Fstudent%2Fdashboard%2Froute.js&appDir=D%3A%5CSp%5CProjects%5CHostelhub%5Csrc%5Capp&pageExtensions=tsx&pageExtensions=ts&pageExtensions=jsx&pageExtensions=js&rootDir=D%3A%5CSp%5CProjects%5CHostelhub&isDev=true&tsconfigPath=&basePath=&assetPrefix=&nextConfigOutput=&preferredRegion=&middlewareConfig=e30%3D&isGlobalNotFoundEnabled=!:307:32)
    at async Module.handler (webpack-internal:///(rsc)/./node_modules/next/dist/build/webpack/loaders/next-app-loader/index.js?name=app%2Fapi%2Fstudent%2Fdashboard%2Froute&page=%2Fapi%2Fstudent%2Fdashboard%2Froute&appPaths=&allNormalizedAppPaths=&pagePath=private-next-app-dir%2Fapi%2Fstudent%2Fdashboard%2Froute.js&appDir=D%3A%5CSp%5CProjects%5CHostelhub%5Csrc%5Capp&pageExtensions=tsx&pageExtensions=ts&pageExtensions=jsx&pageExtensions=js&rootDir=D%3A%5CSp%5CProjects%5CHostelhub&isDev=true&tsconfigPath=&basePath=&assetPrefix=&nextConfigOutput=&preferredRegion=&middlewareConfig=e30%3D&isGlobalNotFoundEnabled=!:362:13)
    at async DevServer.renderToResponseWithComponentsImpl (D:\Sp\Projects\Hostelhub\node_modules\next\dist\server\base-server.js:1454:9)
    at async DevServer.renderPageComponent (D:\Sp\Projects\Hostelhub\node_modules\next\dist\server\base-server.js:1506:24)
    at async DevServer.renderToResponseImpl (D:\Sp\Projects\Hostelhub\node_modules\next\dist\server\base-server.js:1556:32)
    at async DevServer.pipeImpl (D:\Sp\Projects\Hostelhub\node_modules\next\dist\server\base-server.js:1043:25)
    at async NextNodeServer.handleCatchallRenderRequest (D:\Sp\Projects\Hostelhub\node_modules\next\dist\server\next-server.js:338:17)
    at async DevServer.handleRequestImpl (D:\Sp\Projects\Hostelhub\node_modules\next\dist\server\base-server.js:934:17)
    at async D:\Sp\Projects\Hostelhub\node_modules\next\dist\server\dev\next-dev-server.js:394:20
    at async Span.traceAsyncFn (D:\Sp\Projects\Hostelhub\node_modules\next\dist\trace\trace.js:164:20)
    at async DevServer.handleRequest (D:\Sp\Projects\Hostelhub\node_modules\next\dist\server\dev\next-dev-server.js:390:24)
    at async invokeRender (D:\Sp\Projects\Hostelhub\node_modules\next\dist\server\lib\router-server.js:253:21)
    at async handleRequest (D:\Sp\Projects\Hostelhub\node_modules\next\dist\server\lib\router-server.js:452:24)
    at async requestHandlerImpl (D:\Sp\Projects\Hostelhub\node_modules\next\dist\server\lib\router-server.js:501:13)
    at async Server.requestListener (D:\Sp\Projects\Hostelhub\node_modules\next\dist\server\lib\start-server.js:225:13)
[2026-04-27T06:18:50.781Z] Error: Student query failed: Schema hasn't been registered for model "Room".
Use mongoose.model(name, schema)
    at GET (webpack-internal:///(rsc)/./src/app/api/student/dashboard/route.js:61:19)
    at process.processTicksAndRejections (node:internal/process/task_queues:105:5)
    at async AppRouteRouteModule.do (D:\Sp\Projects\Hostelhub\node_modules\next\dist\compiled\next-server\app-route.runtime.dev.js:5:40732)
    at async AppRouteRouteModule.handle (D:\Sp\Projects\Hostelhub\node_modules\next\dist\compiled\next-server\app-route.runtime.dev.js:5:47861)
    at async responseGenerator (webpack-internal:///(rsc)/./node_modules/next/dist/build/webpack/loaders/next-app-loader/index.js?name=app%2Fapi%2Fstudent%2Fdashboard%2Froute&page=%2Fapi%2Fstudent%2Fdashboard%2Froute&appPaths=&allNormalizedAppPaths=&pagePath=private-next-app-dir%2Fapi%2Fstudent%2Fdashboard%2Froute.js&appDir=D%3A%5CSp%5CProjects%5CHostelhub%5Csrc%5Capp&pageExtensions=tsx&pageExtensions=ts&pageExtensions=jsx&pageExtensions=js&rootDir=D%3A%5CSp%5CProjects%5CHostelhub&isDev=true&tsconfigPath=&basePath=&assetPrefix=&nextConfigOutput=&preferredRegion=&middlewareConfig=e30%3D&isGlobalNotFoundEnabled=!:244:38)
    at async AppRouteRouteModule.handleResponse (D:\Sp\Projects\Hostelhub\node_modules\next\dist\compiled\next-server\app-route.runtime.dev.js:1:227141)
    at async handleResponse (webpack-internal:///(rsc)/./node_modules/next/dist/build/webpack/loaders/next-app-loader/index.js?name=app%2Fapi%2Fstudent%2Fdashboard%2Froute&page=%2Fapi%2Fstudent%2Fdashboard%2Froute&appPaths=&allNormalizedAppPaths=&pagePath=private-next-app-dir%2Fapi%2Fstudent%2Fdashboard%2Froute.js&appDir=D%3A%5CSp%5CProjects%5CHostelhub%5Csrc%5Capp&pageExtensions=tsx&pageExtensions=ts&pageExtensions=jsx&pageExtensions=js&rootDir=D%3A%5CSp%5CProjects%5CHostelhub&isDev=true&tsconfigPath=&basePath=&assetPrefix=&nextConfigOutput=&preferredRegion=&middlewareConfig=e30%3D&isGlobalNotFoundEnabled=!:307:32)
    at async Module.handler (webpack-internal:///(rsc)/./node_modules/next/dist/build/webpack/loaders/next-app-loader/index.js?name=app%2Fapi%2Fstudent%2Fdashboard%2Froute&page=%2Fapi%2Fstudent%2Fdashboard%2Froute&appPaths=&allNormalizedAppPaths=&pagePath=private-next-app-dir%2Fapi%2Fstudent%2Fdashboard%2Froute.js&appDir=D%3A%5CSp%5CProjects%5CHostelhub%5Csrc%5Capp&pageExtensions=tsx&pageExtensions=ts&pageExtensions=jsx&pageExtensions=js&rootDir=D%3A%5CSp%5CProjects%5CHostelhub&isDev=true&tsconfigPath=&basePath=&assetPrefix=&nextConfigOutput=&preferredRegion=&middlewareConfig=e30%3D&isGlobalNotFoundEnabled=!:362:13)
    at async DevServer.renderToResponseWithComponentsImpl (D:\Sp\Projects\Hostelhub\node_modules\next\dist\server\base-server.js:1454:9)
    at async DevServer.renderPageComponent (D:\Sp\Projects\Hostelhub\node_modules\next\dist\server\base-server.js:1506:24)
    at async DevServer.renderToResponseImpl (D:\Sp\Projects\Hostelhub\node_modules\next\dist\server\base-server.js:1556:32)
    at async DevServer.pipeImpl (D:\Sp\Projects\Hostelhub\node_modules\next\dist\server\base-server.js:1043:25)
    at async NextNodeServer.handleCatchallRenderRequest (D:\Sp\Projects\Hostelhub\node_modules\next\dist\server\next-server.js:338:17)
    at async DevServer.handleRequestImpl (D:\Sp\Projects\Hostelhub\node_modules\next\dist\server\base-server.js:934:17)
    at async D:\Sp\Projects\Hostelhub\node_modules\next\dist\server\dev\next-dev-server.js:394:20
    at async Span.traceAsyncFn (D:\Sp\Projects\Hostelhub\node_modules\next\dist\trace\trace.js:164:20)
    at async DevServer.handleRequest (D:\Sp\Projects\Hostelhub\node_modules\next\dist\server\dev\next-dev-server.js:390:24)
    at async invokeRender (D:\Sp\Projects\Hostelhub\node_modules\next\dist\server\lib\router-server.js:253:21)
    at async handleRequest (D:\Sp\Projects\Hostelhub\node_modules\next\dist\server\lib\router-server.js:452:24)
    at async requestHandlerImpl (D:\Sp\Projects\Hostelhub\node_modules\next\dist\server\lib\router-server.js:501:13)
    at async Server.requestListener (D:\Sp\Projects\Hostelhub\node_modules\next\dist\server\lib\start-server.js:225:13)
[2026-04-27T06:19:00.929Z] Error: Student query failed: Schema hasn't been registered for model "Room".
Use mongoose.model(name, schema)
    at GET (webpack-internal:///(rsc)/./src/app/api/student/dashboard/route.js:61:19)
    at process.processTicksAndRejections (node:internal/process/task_queues:105:5)
    at async AppRouteRouteModule.do (D:\Sp\Projects\Hostelhub\node_modules\next\dist\compiled\next-server\app-route.runtime.dev.js:5:40732)
    at async AppRouteRouteModule.handle (D:\Sp\Projects\Hostelhub\node_modules\next\dist\compiled\next-server\app-route.runtime.dev.js:5:47861)
    at async responseGenerator (webpack-internal:///(rsc)/./node_modules/next/dist/build/webpack/loaders/next-app-loader/index.js?name=app%2Fapi%2Fstudent%2Fdashboard%2Froute&page=%2Fapi%2Fstudent%2Fdashboard%2Froute&appPaths=&allNormalizedAppPaths=&pagePath=private-next-app-dir%2Fapi%2Fstudent%2Fdashboard%2Froute.js&appDir=D%3A%5CSp%5CProjects%5CHostelhub%5Csrc%5Capp&pageExtensions=tsx&pageExtensions=ts&pageExtensions=jsx&pageExtensions=js&rootDir=D%3A%5CSp%5CProjects%5CHostelhub&isDev=true&tsconfigPath=&basePath=&assetPrefix=&nextConfigOutput=&preferredRegion=&middlewareConfig=e30%3D&isGlobalNotFoundEnabled=!:244:38)
    at async AppRouteRouteModule.handleResponse (D:\Sp\Projects\Hostelhub\node_modules\next\dist\compiled\next-server\app-route.runtime.dev.js:1:227141)
    at async handleResponse (webpack-internal:///(rsc)/./node_modules/next/dist/build/webpack/loaders/next-app-loader/index.js?name=app%2Fapi%2Fstudent%2Fdashboard%2Froute&page=%2Fapi%2Fstudent%2Fdashboard%2Froute&appPaths=&allNormalizedAppPaths=&pagePath=private-next-app-dir%2Fapi%2Fstudent%2Fdashboard%2Froute.js&appDir=D%3A%5CSp%5CProjects%5CHostelhub%5Csrc%5Capp&pageExtensions=tsx&pageExtensions=ts&pageExtensions=jsx&pageExtensions=js&rootDir=D%3A%5CSp%5CProjects%5CHostelhub&isDev=true&tsconfigPath=&basePath=&assetPrefix=&nextConfigOutput=&preferredRegion=&middlewareConfig=e30%3D&isGlobalNotFoundEnabled=!:307:32)
    at async Module.handler (webpack-internal:///(rsc)/./node_modules/next/dist/build/webpack/loaders/next-app-loader/index.js?name=app%2Fapi%2Fstudent%2Fdashboard%2Froute&page=%2Fapi%2Fstudent%2Fdashboard%2Froute&appPaths=&allNormalizedAppPaths=&pagePath=private-next-app-dir%2Fapi%2Fstudent%2Fdashboard%2Froute.js&appDir=D%3A%5CSp%5CProjects%5CHostelhub%5Csrc%5Capp&pageExtensions=tsx&pageExtensions=ts&pageExtensions=jsx&pageExtensions=js&rootDir=D%3A%5CSp%5CProjects%5CHostelhub&isDev=true&tsconfigPath=&basePath=&assetPrefix=&nextConfigOutput=&preferredRegion=&middlewareConfig=e30%3D&isGlobalNotFoundEnabled=!:362:13)
    at async DevServer.renderToResponseWithComponentsImpl (D:\Sp\Projects\Hostelhub\node_modules\next\dist\server\base-server.js:1454:9)
    at async DevServer.renderPageComponent (D:\Sp\Projects\Hostelhub\node_modules\next\dist\server\base-server.js:1506:24)
    at async DevServer.renderToResponseImpl (D:\Sp\Projects\Hostelhub\node_modules\next\dist\server\base-server.js:1556:32)
    at async DevServer.pipeImpl (D:\Sp\Projects\Hostelhub\node_modules\next\dist\server\base-server.js:1043:25)
    at async NextNodeServer.handleCatchallRenderRequest (D:\Sp\Projects\Hostelhub\node_modules\next\dist\server\next-server.js:338:17)
    at async DevServer.handleRequestImpl (D:\Sp\Projects\Hostelhub\node_modules\next\dist\server\base-server.js:934:17)
    at async D:\Sp\Projects\Hostelhub\node_modules\next\dist\server\dev\next-dev-server.js:394:20
    at async Span.traceAsyncFn (D:\Sp\Projects\Hostelhub\node_modules\next\dist\trace\trace.js:164:20)
    at async DevServer.handleRequest (D:\Sp\Projects\Hostelhub\node_modules\next\dist\server\dev\next-dev-server.js:390:24)
    at async invokeRender (D:\Sp\Projects\Hostelhub\node_modules\next\dist\server\lib\router-server.js:253:21)
    at async handleRequest (D:\Sp\Projects\Hostelhub\node_modules\next\dist\server\lib\router-server.js:452:24)
    at async requestHandlerImpl (D:\Sp\Projects\Hostelhub\node_modules\next\dist\server\lib\router-server.js:501:13)
    at async Server.requestListener (D:\Sp\Projects\Hostelhub\node_modules\next\dist\server\lib\start-server.js:225:13)
[2026-04-27T06:19:02.413Z] Error: Student query failed: Schema hasn't been registered for model "Room".
Use mongoose.model(name, schema)
    at GET (webpack-internal:///(rsc)/./src/app/api/student/dashboard/route.js:61:19)
    at process.processTicksAndRejections (node:internal/process/task_queues:105:5)
    at async AppRouteRouteModule.do (D:\Sp\Projects\Hostelhub\node_modules\next\dist\compiled\next-server\app-route.runtime.dev.js:5:40732)
    at async AppRouteRouteModule.handle (D:\Sp\Projects\Hostelhub\node_modules\next\dist\compiled\next-server\app-route.runtime.dev.js:5:47861)
    at async responseGenerator (webpack-internal:///(rsc)/./node_modules/next/dist/build/webpack/loaders/next-app-loader/index.js?name=app%2Fapi%2Fstudent%2Fdashboard%2Froute&page=%2Fapi%2Fstudent%2Fdashboard%2Froute&appPaths=&allNormalizedAppPaths=&pagePath=private-next-app-dir%2Fapi%2Fstudent%2Fdashboard%2Froute.js&appDir=D%3A%5CSp%5CProjects%5CHostelhub%5Csrc%5Capp&pageExtensions=tsx&pageExtensions=ts&pageExtensions=jsx&pageExtensions=js&rootDir=D%3A%5CSp%5CProjects%5CHostelhub&isDev=true&tsconfigPath=&basePath=&assetPrefix=&nextConfigOutput=&preferredRegion=&middlewareConfig=e30%3D&isGlobalNotFoundEnabled=!:244:38)
    at async AppRouteRouteModule.handleResponse (D:\Sp\Projects\Hostelhub\node_modules\next\dist\compiled\next-server\app-route.runtime.dev.js:1:227141)
    at async handleResponse (webpack-internal:///(rsc)/./node_modules/next/dist/build/webpack/loaders/next-app-loader/index.js?name=app%2Fapi%2Fstudent%2Fdashboard%2Froute&page=%2Fapi%2Fstudent%2Fdashboard%2Froute&appPaths=&allNormalizedAppPaths=&pagePath=private-next-app-dir%2Fapi%2Fstudent%2Fdashboard%2Froute.js&appDir=D%3A%5CSp%5CProjects%5CHostelhub%5Csrc%5Capp&pageExtensions=tsx&pageExtensions=ts&pageExtensions=jsx&pageExtensions=js&rootDir=D%3A%5CSp%5CProjects%5CHostelhub&isDev=true&tsconfigPath=&basePath=&assetPrefix=&nextConfigOutput=&preferredRegion=&middlewareConfig=e30%3D&isGlobalNotFoundEnabled=!:307:32)
    at async Module.handler (webpack-internal:///(rsc)/./node_modules/next/dist/build/webpack/loaders/next-app-loader/index.js?name=app%2Fapi%2Fstudent%2Fdashboard%2Froute&page=%2Fapi%2Fstudent%2Fdashboard%2Froute&appPaths=&allNormalizedAppPaths=&pagePath=private-next-app-dir%2Fapi%2Fstudent%2Fdashboard%2Froute.js&appDir=D%3A%5CSp%5CProjects%5CHostelhub%5Csrc%5Capp&pageExtensions=tsx&pageExtensions=ts&pageExtensions=jsx&pageExtensions=js&rootDir=D%3A%5CSp%5CProjects%5CHostelhub&isDev=true&tsconfigPath=&basePath=&assetPrefix=&nextConfigOutput=&preferredRegion=&middlewareConfig=e30%3D&isGlobalNotFoundEnabled=!:362:13)
    at async DevServer.renderToResponseWithComponentsImpl (D:\Sp\Projects\Hostelhub\node_modules\next\dist\server\base-server.js:1454:9)
    at async DevServer.renderPageComponent (D:\Sp\Projects\Hostelhub\node_modules\next\dist\server\base-server.js:1506:24)
    at async DevServer.renderToResponseImpl (D:\Sp\Projects\Hostelhub\node_modules\next\dist\server\base-server.js:1556:32)
    at async DevServer.pipeImpl (D:\Sp\Projects\Hostelhub\node_modules\next\dist\server\base-server.js:1043:25)
    at async NextNodeServer.handleCatchallRenderRequest (D:\Sp\Projects\Hostelhub\node_modules\next\dist\server\next-server.js:338:17)
    at async DevServer.handleRequestImpl (D:\Sp\Projects\Hostelhub\node_modules\next\dist\server\base-server.js:934:17)
    at async D:\Sp\Projects\Hostelhub\node_modules\next\dist\server\dev\next-dev-server.js:394:20
    at async Span.traceAsyncFn (D:\Sp\Projects\Hostelhub\node_modules\next\dist\trace\trace.js:164:20)
    at async DevServer.handleRequest (D:\Sp\Projects\Hostelhub\node_modules\next\dist\server\dev\next-dev-server.js:390:24)
    at async invokeRender (D:\Sp\Projects\Hostelhub\node_modules\next\dist\server\lib\router-server.js:253:21)
    at async handleRequest (D:\Sp\Projects\Hostelhub\node_modules\next\dist\server\lib\router-server.js:452:24)
    at async requestHandlerImpl (D:\Sp\Projects\Hostelhub\node_modules\next\dist\server\lib\router-server.js:501:13)
    at async Server.requestListener (D:\Sp\Projects\Hostelhub\node_modules\next\dist\server\lib\start-server.js:225:13)
[2026-04-27T06:19:04.933Z] Error: Student query failed: Schema hasn't been registered for model "Room".
Use mongoose.model(name, schema)
    at GET (webpack-internal:///(rsc)/./src/app/api/student/dashboard/route.js:61:19)
    at process.processTicksAndRejections (node:internal/process/task_queues:105:5)
    at async AppRouteRouteModule.do (D:\Sp\Projects\Hostelhub\node_modules\next\dist\compiled\next-server\app-route.runtime.dev.js:5:40732)
    at async AppRouteRouteModule.handle (D:\Sp\Projects\Hostelhub\node_modules\next\dist\compiled\next-server\app-route.runtime.dev.js:5:47861)
    at async responseGenerator (webpack-internal:///(rsc)/./node_modules/next/dist/build/webpack/loaders/next-app-loader/index.js?name=app%2Fapi%2Fstudent%2Fdashboard%2Froute&page=%2Fapi%2Fstudent%2Fdashboard%2Froute&appPaths=&allNormalizedAppPaths=&pagePath=private-next-app-dir%2Fapi%2Fstudent%2Fdashboard%2Froute.js&appDir=D%3A%5CSp%5CProjects%5CHostelhub%5Csrc%5Capp&pageExtensions=tsx&pageExtensions=ts&pageExtensions=jsx&pageExtensions=js&rootDir=D%3A%5CSp%5CProjects%5CHostelhub&isDev=true&tsconfigPath=&basePath=&assetPrefix=&nextConfigOutput=&preferredRegion=&middlewareConfig=e30%3D&isGlobalNotFoundEnabled=!:244:38)
    at async AppRouteRouteModule.handleResponse (D:\Sp\Projects\Hostelhub\node_modules\next\dist\compiled\next-server\app-route.runtime.dev.js:1:227141)
    at async handleResponse (webpack-internal:///(rsc)/./node_modules/next/dist/build/webpack/loaders/next-app-loader/index.js?name=app%2Fapi%2Fstudent%2Fdashboard%2Froute&page=%2Fapi%2Fstudent%2Fdashboard%2Froute&appPaths=&allNormalizedAppPaths=&pagePath=private-next-app-dir%2Fapi%2Fstudent%2Fdashboard%2Froute.js&appDir=D%3A%5CSp%5CProjects%5CHostelhub%5Csrc%5Capp&pageExtensions=tsx&pageExtensions=ts&pageExtensions=jsx&pageExtensions=js&rootDir=D%3A%5CSp%5CProjects%5CHostelhub&isDev=true&tsconfigPath=&basePath=&assetPrefix=&nextConfigOutput=&preferredRegion=&middlewareConfig=e30%3D&isGlobalNotFoundEnabled=!:307:32)
    at async Module.handler (webpack-internal:///(rsc)/./node_modules/next/dist/build/webpack/loaders/next-app-loader/index.js?name=app%2Fapi%2Fstudent%2Fdashboard%2Froute&page=%2Fapi%2Fstudent%2Fdashboard%2Froute&appPaths=&allNormalizedAppPaths=&pagePath=private-next-app-dir%2Fapi%2Fstudent%2Fdashboard%2Froute.js&appDir=D%3A%5CSp%5CProjects%5CHostelhub%5Csrc%5Capp&pageExtensions=tsx&pageExtensions=ts&pageExtensions=jsx&pageExtensions=js&rootDir=D%3A%5CSp%5CProjects%5CHostelhub&isDev=true&tsconfigPath=&basePath=&assetPrefix=&nextConfigOutput=&preferredRegion=&middlewareConfig=e30%3D&isGlobalNotFoundEnabled=!:362:13)
    at async DevServer.renderToResponseWithComponentsImpl (D:\Sp\Projects\Hostelhub\node_modules\next\dist\server\base-server.js:1454:9)
    at async DevServer.renderPageComponent (D:\Sp\Projects\Hostelhub\node_modules\next\dist\server\base-server.js:1506:24)
    at async DevServer.renderToResponseImpl (D:\Sp\Projects\Hostelhub\node_modules\next\dist\server\base-server.js:1556:32)
    at async DevServer.pipeImpl (D:\Sp\Projects\Hostelhub\node_modules\next\dist\server\base-server.js:1043:25)
    at async NextNodeServer.handleCatchallRenderRequest (D:\Sp\Projects\Hostelhub\node_modules\next\dist\server\next-server.js:338:17)
    at async DevServer.handleRequestImpl (D:\Sp\Projects\Hostelhub\node_modules\next\dist\server\base-server.js:934:17)
    at async D:\Sp\Projects\Hostelhub\node_modules\next\dist\server\dev\next-dev-server.js:394:20
    at async Span.traceAsyncFn (D:\Sp\Projects\Hostelhub\node_modules\next\dist\trace\trace.js:164:20)
    at async DevServer.handleRequest (D:\Sp\Projects\Hostelhub\node_modules\next\dist\server\dev\next-dev-server.js:390:24)
    at async invokeRender (D:\Sp\Projects\Hostelhub\node_modules\next\dist\server\lib\router-server.js:253:21)
    at async handleRequest (D:\Sp\Projects\Hostelhub\node_modules\next\dist\server\lib\router-server.js:452:24)
    at async requestHandlerImpl (D:\Sp\Projects\Hostelhub\node_modules\next\dist\server\lib\router-server.js:501:13)
    at async Server.requestListener (D:\Sp\Projects\Hostelhub\node_modules\next\dist\server\lib\start-server.js:225:13)
[2026-04-28T20:48:04.565Z] Error: Student query failed: Schema hasn't been registered for model "Room".
Use mongoose.model(name, schema)
    at GET (webpack-internal:///(rsc)/./src/app/api/student/dashboard/route.js:61:19)
    at process.processTicksAndRejections (node:internal/process/task_queues:105:5)
    at async AppRouteRouteModule.do (D:\Sp\Projects\Hostelhub\node_modules\next\dist\compiled\next-server\app-route.runtime.dev.js:5:40732)
    at async AppRouteRouteModule.handle (D:\Sp\Projects\Hostelhub\node_modules\next\dist\compiled\next-server\app-route.runtime.dev.js:5:47861)
    at async responseGenerator (webpack-internal:///(rsc)/./node_modules/next/dist/build/webpack/loaders/next-app-loader/index.js?name=app%2Fapi%2Fstudent%2Fdashboard%2Froute&page=%2Fapi%2Fstudent%2Fdashboard%2Froute&appPaths=&allNormalizedAppPaths=&pagePath=private-next-app-dir%2Fapi%2Fstudent%2Fdashboard%2Froute.js&appDir=D%3A%5CSp%5CProjects%5CHostelhub%5Csrc%5Capp&pageExtensions=tsx&pageExtensions=ts&pageExtensions=jsx&pageExtensions=js&rootDir=D%3A%5CSp%5CProjects%5CHostelhub&isDev=true&tsconfigPath=&basePath=&assetPrefix=&nextConfigOutput=&preferredRegion=&middlewareConfig=e30%3D&isGlobalNotFoundEnabled=!:244:38)
    at async AppRouteRouteModule.handleResponse (D:\Sp\Projects\Hostelhub\node_modules\next\dist\compiled\next-server\app-route.runtime.dev.js:1:227141)
    at async handleResponse (webpack-internal:///(rsc)/./node_modules/next/dist/build/webpack/loaders/next-app-loader/index.js?name=app%2Fapi%2Fstudent%2Fdashboard%2Froute&page=%2Fapi%2Fstudent%2Fdashboard%2Froute&appPaths=&allNormalizedAppPaths=&pagePath=private-next-app-dir%2Fapi%2Fstudent%2Fdashboard%2Froute.js&appDir=D%3A%5CSp%5CProjects%5CHostelhub%5Csrc%5Capp&pageExtensions=tsx&pageExtensions=ts&pageExtensions=jsx&pageExtensions=js&rootDir=D%3A%5CSp%5CProjects%5CHostelhub&isDev=true&tsconfigPath=&basePath=&assetPrefix=&nextConfigOutput=&preferredRegion=&middlewareConfig=e30%3D&isGlobalNotFoundEnabled=!:307:32)
    at async Module.handler (webpack-internal:///(rsc)/./node_modules/next/dist/build/webpack/loaders/next-app-loader/index.js?name=app%2Fapi%2Fstudent%2Fdashboard%2Froute&page=%2Fapi%2Fstudent%2Fdashboard%2Froute&appPaths=&allNormalizedAppPaths=&pagePath=private-next-app-dir%2Fapi%2Fstudent%2Fdashboard%2Froute.js&appDir=D%3A%5CSp%5CProjects%5CHostelhub%5Csrc%5Capp&pageExtensions=tsx&pageExtensions=ts&pageExtensions=jsx&pageExtensions=js&rootDir=D%3A%5CSp%5CProjects%5CHostelhub&isDev=true&tsconfigPath=&basePath=&assetPrefix=&nextConfigOutput=&preferredRegion=&middlewareConfig=e30%3D&isGlobalNotFoundEnabled=!:362:13)
    at async DevServer.renderToResponseWithComponentsImpl (D:\Sp\Projects\Hostelhub\node_modules\next\dist\server\base-server.js:1454:9)
    at async DevServer.renderPageComponent (D:\Sp\Projects\Hostelhub\node_modules\next\dist\server\base-server.js:1506:24)
    at async DevServer.renderToResponseImpl (D:\Sp\Projects\Hostelhub\node_modules\next\dist\server\base-server.js:1556:32)
    at async DevServer.pipeImpl (D:\Sp\Projects\Hostelhub\node_modules\next\dist\server\base-server.js:1043:25)
    at async NextNodeServer.handleCatchallRenderRequest (D:\Sp\Projects\Hostelhub\node_modules\next\dist\server\next-server.js:338:17)
    at async DevServer.handleRequestImpl (D:\Sp\Projects\Hostelhub\node_modules\next\dist\server\base-server.js:934:17)
    at async D:\Sp\Projects\Hostelhub\node_modules\next\dist\server\dev\next-dev-server.js:394:20
    at async Span.traceAsyncFn (D:\Sp\Projects\Hostelhub\node_modules\next\dist\trace\trace.js:164:20)
    at async DevServer.handleRequest (D:\Sp\Projects\Hostelhub\node_modules\next\dist\server\dev\next-dev-server.js:390:24)
    at async invokeRender (D:\Sp\Projects\Hostelhub\node_modules\next\dist\server\lib\router-server.js:253:21)
    at async handleRequest (D:\Sp\Projects\Hostelhub\node_modules\next\dist\server\lib\router-server.js:452:24)
    at async requestHandlerImpl (D:\Sp\Projects\Hostelhub\node_modules\next\dist\server\lib\router-server.js:501:13)
    at async Server.requestListener (D:\Sp\Projects\Hostelhub\node_modules\next\dist\server\lib\start-server.js:225:13)
[2026-04-28T20:48:29.724Z] Error: Student query failed: Schema hasn't been registered for model "Room".
Use mongoose.model(name, schema)
    at GET (webpack-internal:///(rsc)/./src/app/api/student/dashboard/route.js:61:19)
    at process.processTicksAndRejections (node:internal/process/task_queues:105:5)
    at async AppRouteRouteModule.do (D:\Sp\Projects\Hostelhub\node_modules\next\dist\compiled\next-server\app-route.runtime.dev.js:5:40732)
    at async AppRouteRouteModule.handle (D:\Sp\Projects\Hostelhub\node_modules\next\dist\compiled\next-server\app-route.runtime.dev.js:5:47861)
    at async responseGenerator (webpack-internal:///(rsc)/./node_modules/next/dist/build/webpack/loaders/next-app-loader/index.js?name=app%2Fapi%2Fstudent%2Fdashboard%2Froute&page=%2Fapi%2Fstudent%2Fdashboard%2Froute&appPaths=&allNormalizedAppPaths=&pagePath=private-next-app-dir%2Fapi%2Fstudent%2Fdashboard%2Froute.js&appDir=D%3A%5CSp%5CProjects%5CHostelhub%5Csrc%5Capp&pageExtensions=tsx&pageExtensions=ts&pageExtensions=jsx&pageExtensions=js&rootDir=D%3A%5CSp%5CProjects%5CHostelhub&isDev=true&tsconfigPath=&basePath=&assetPrefix=&nextConfigOutput=&preferredRegion=&middlewareConfig=e30%3D&isGlobalNotFoundEnabled=!:244:38)
    at async AppRouteRouteModule.handleResponse (D:\Sp\Projects\Hostelhub\node_modules\next\dist\compiled\next-server\app-route.runtime.dev.js:1:227141)
    at async handleResponse (webpack-internal:///(rsc)/./node_modules/next/dist/build/webpack/loaders/next-app-loader/index.js?name=app%2Fapi%2Fstudent%2Fdashboard%2Froute&page=%2Fapi%2Fstudent%2Fdashboard%2Froute&appPaths=&allNormalizedAppPaths=&pagePath=private-next-app-dir%2Fapi%2Fstudent%2Fdashboard%2Froute.js&appDir=D%3A%5CSp%5CProjects%5CHostelhub%5Csrc%5Capp&pageExtensions=tsx&pageExtensions=ts&pageExtensions=jsx&pageExtensions=js&rootDir=D%3A%5CSp%5CProjects%5CHostelhub&isDev=true&tsconfigPath=&basePath=&assetPrefix=&nextConfigOutput=&preferredRegion=&middlewareConfig=e30%3D&isGlobalNotFoundEnabled=!:307:32)
    at async Module.handler (webpack-internal:///(rsc)/./node_modules/next/dist/build/webpack/loaders/next-app-loader/index.js?name=app%2Fapi%2Fstudent%2Fdashboard%2Froute&page=%2Fapi%2Fstudent%2Fdashboard%2Froute&appPaths=&allNormalizedAppPaths=&pagePath=private-next-app-dir%2Fapi%2Fstudent%2Fdashboard%2Froute.js&appDir=D%3A%5CSp%5CProjects%5CHostelhub%5Csrc%5Capp&pageExtensions=tsx&pageExtensions=ts&pageExtensions=jsx&pageExtensions=js&rootDir=D%3A%5CSp%5CProjects%5CHostelhub&isDev=true&tsconfigPath=&basePath=&assetPrefix=&nextConfigOutput=&preferredRegion=&middlewareConfig=e30%3D&isGlobalNotFoundEnabled=!:362:13)
    at async DevServer.renderToResponseWithComponentsImpl (D:\Sp\Projects\Hostelhub\node_modules\next\dist\server\base-server.js:1454:9)
    at async DevServer.renderPageComponent (D:\Sp\Projects\Hostelhub\node_modules\next\dist\server\base-server.js:1506:24)
    at async DevServer.renderToResponseImpl (D:\Sp\Projects\Hostelhub\node_modules\next\dist\server\base-server.js:1556:32)
    at async DevServer.pipeImpl (D:\Sp\Projects\Hostelhub\node_modules\next\dist\server\base-server.js:1043:25)
    at async NextNodeServer.handleCatchallRenderRequest (D:\Sp\Projects\Hostelhub\node_modules\next\dist\server\next-server.js:338:17)
    at async DevServer.handleRequestImpl (D:\Sp\Projects\Hostelhub\node_modules\next\dist\server\base-server.js:934:17)
    at async D:\Sp\Projects\Hostelhub\node_modules\next\dist\server\dev\next-dev-server.js:394:20
    at async Span.traceAsyncFn (D:\Sp\Projects\Hostelhub\node_modules\next\dist\trace\trace.js:164:20)
    at async DevServer.handleRequest (D:\Sp\Projects\Hostelhub\node_modules\next\dist\server\dev\next-dev-server.js:390:24)
    at async invokeRender (D:\Sp\Projects\Hostelhub\node_modules\next\dist\server\lib\router-server.js:253:21)
    at async handleRequest (D:\Sp\Projects\Hostelhub\node_modules\next\dist\server\lib\router-server.js:452:24)
    at async requestHandlerImpl (D:\Sp\Projects\Hostelhub\node_modules\next\dist\server\lib\router-server.js:501:13)
    at async Server.requestListener (D:\Sp\Projects\Hostelhub\node_modules\next\dist\server\lib\start-server.js:225:13)
[2026-04-28T20:48:46.851Z] Error: Student query failed: Schema hasn't been registered for model "Room".
Use mongoose.model(name, schema)
    at GET (webpack-internal:///(rsc)/./src/app/api/student/dashboard/route.js:61:19)
    at process.processTicksAndRejections (node:internal/process/task_queues:105:5)
    at async AppRouteRouteModule.do (D:\Sp\Projects\Hostelhub\node_modules\next\dist\compiled\next-server\app-route.runtime.dev.js:5:40732)
    at async AppRouteRouteModule.handle (D:\Sp\Projects\Hostelhub\node_modules\next\dist\compiled\next-server\app-route.runtime.dev.js:5:47861)
    at async responseGenerator (webpack-internal:///(rsc)/./node_modules/next/dist/build/webpack/loaders/next-app-loader/index.js?name=app%2Fapi%2Fstudent%2Fdashboard%2Froute&page=%2Fapi%2Fstudent%2Fdashboard%2Froute&appPaths=&allNormalizedAppPaths=&pagePath=private-next-app-dir%2Fapi%2Fstudent%2Fdashboard%2Froute.js&appDir=D%3A%5CSp%5CProjects%5CHostelhub%5Csrc%5Capp&pageExtensions=tsx&pageExtensions=ts&pageExtensions=jsx&pageExtensions=js&rootDir=D%3A%5CSp%5CProjects%5CHostelhub&isDev=true&tsconfigPath=&basePath=&assetPrefix=&nextConfigOutput=&preferredRegion=&middlewareConfig=e30%3D&isGlobalNotFoundEnabled=!:244:38)
    at async AppRouteRouteModule.handleResponse (D:\Sp\Projects\Hostelhub\node_modules\next\dist\compiled\next-server\app-route.runtime.dev.js:1:227141)
    at async handleResponse (webpack-internal:///(rsc)/./node_modules/next/dist/build/webpack/loaders/next-app-loader/index.js?name=app%2Fapi%2Fstudent%2Fdashboard%2Froute&page=%2Fapi%2Fstudent%2Fdashboard%2Froute&appPaths=&allNormalizedAppPaths=&pagePath=private-next-app-dir%2Fapi%2Fstudent%2Fdashboard%2Froute.js&appDir=D%3A%5CSp%5CProjects%5CHostelhub%5Csrc%5Capp&pageExtensions=tsx&pageExtensions=ts&pageExtensions=jsx&pageExtensions=js&rootDir=D%3A%5CSp%5CProjects%5CHostelhub&isDev=true&tsconfigPath=&basePath=&assetPrefix=&nextConfigOutput=&preferredRegion=&middlewareConfig=e30%3D&isGlobalNotFoundEnabled=!:307:32)
    at async Module.handler (webpack-internal:///(rsc)/./node_modules/next/dist/build/webpack/loaders/next-app-loader/index.js?name=app%2Fapi%2Fstudent%2Fdashboard%2Froute&page=%2Fapi%2Fstudent%2Fdashboard%2Froute&appPaths=&allNormalizedAppPaths=&pagePath=private-next-app-dir%2Fapi%2Fstudent%2Fdashboard%2Froute.js&appDir=D%3A%5CSp%5CProjects%5CHostelhub%5Csrc%5Capp&pageExtensions=tsx&pageExtensions=ts&pageExtensions=jsx&pageExtensions=js&rootDir=D%3A%5CSp%5CProjects%5CHostelhub&isDev=true&tsconfigPath=&basePath=&assetPrefix=&nextConfigOutput=&preferredRegion=&middlewareConfig=e30%3D&isGlobalNotFoundEnabled=!:362:13)
    at async DevServer.renderToResponseWithComponentsImpl (D:\Sp\Projects\Hostelhub\node_modules\next\dist\server\base-server.js:1454:9)
    at async DevServer.renderPageComponent (D:\Sp\Projects\Hostelhub\node_modules\next\dist\server\base-server.js:1506:24)
    at async DevServer.renderToResponseImpl (D:\Sp\Projects\Hostelhub\node_modules\next\dist\server\base-server.js:1556:32)
    at async DevServer.pipeImpl (D:\Sp\Projects\Hostelhub\node_modules\next\dist\server\base-server.js:1043:25)
    at async NextNodeServer.handleCatchallRenderRequest (D:\Sp\Projects\Hostelhub\node_modules\next\dist\server\next-server.js:338:17)
    at async DevServer.handleRequestImpl (D:\Sp\Projects\Hostelhub\node_modules\next\dist\server\base-server.js:934:17)
    at async D:\Sp\Projects\Hostelhub\node_modules\next\dist\server\dev\next-dev-server.js:394:20
    at async Span.traceAsyncFn (D:\Sp\Projects\Hostelhub\node_modules\next\dist\trace\trace.js:164:20)
    at async DevServer.handleRequest (D:\Sp\Projects\Hostelhub\node_modules\next\dist\server\dev\next-dev-server.js:390:24)
    at async invokeRender (D:\Sp\Projects\Hostelhub\node_modules\next\dist\server\lib\router-server.js:253:21)
    at async handleRequest (D:\Sp\Projects\Hostelhub\node_modules\next\dist\server\lib\router-server.js:452:24)
    at async requestHandlerImpl (D:\Sp\Projects\Hostelhub\node_modules\next\dist\server\lib\router-server.js:501:13)
    at async Server.requestListener (D:\Sp\Projects\Hostelhub\node_modules\next\dist\server\lib\start-server.js:225:13)
[2026-04-28T20:48:48.311Z] Error: Student query failed: Schema hasn't been registered for model "Room".
Use mongoose.model(name, schema)
    at GET (webpack-internal:///(rsc)/./src/app/api/student/dashboard/route.js:61:19)
    at process.processTicksAndRejections (node:internal/process/task_queues:105:5)
    at async AppRouteRouteModule.do (D:\Sp\Projects\Hostelhub\node_modules\next\dist\compiled\next-server\app-route.runtime.dev.js:5:40732)
    at async AppRouteRouteModule.handle (D:\Sp\Projects\Hostelhub\node_modules\next\dist\compiled\next-server\app-route.runtime.dev.js:5:47861)
    at async responseGenerator (webpack-internal:///(rsc)/./node_modules/next/dist/build/webpack/loaders/next-app-loader/index.js?name=app%2Fapi%2Fstudent%2Fdashboard%2Froute&page=%2Fapi%2Fstudent%2Fdashboard%2Froute&appPaths=&allNormalizedAppPaths=&pagePath=private-next-app-dir%2Fapi%2Fstudent%2Fdashboard%2Froute.js&appDir=D%3A%5CSp%5CProjects%5CHostelhub%5Csrc%5Capp&pageExtensions=tsx&pageExtensions=ts&pageExtensions=jsx&pageExtensions=js&rootDir=D%3A%5CSp%5CProjects%5CHostelhub&isDev=true&tsconfigPath=&basePath=&assetPrefix=&nextConfigOutput=&preferredRegion=&middlewareConfig=e30%3D&isGlobalNotFoundEnabled=!:244:38)
    at async AppRouteRouteModule.handleResponse (D:\Sp\Projects\Hostelhub\node_modules\next\dist\compiled\next-server\app-route.runtime.dev.js:1:227141)
    at async handleResponse (webpack-internal:///(rsc)/./node_modules/next/dist/build/webpack/loaders/next-app-loader/index.js?name=app%2Fapi%2Fstudent%2Fdashboard%2Froute&page=%2Fapi%2Fstudent%2Fdashboard%2Froute&appPaths=&allNormalizedAppPaths=&pagePath=private-next-app-dir%2Fapi%2Fstudent%2Fdashboard%2Froute.js&appDir=D%3A%5CSp%5CProjects%5CHostelhub%5Csrc%5Capp&pageExtensions=tsx&pageExtensions=ts&pageExtensions=jsx&pageExtensions=js&rootDir=D%3A%5CSp%5CProjects%5CHostelhub&isDev=true&tsconfigPath=&basePath=&assetPrefix=&nextConfigOutput=&preferredRegion=&middlewareConfig=e30%3D&isGlobalNotFoundEnabled=!:307:32)
    at async Module.handler (webpack-internal:///(rsc)/./node_modules/next/dist/build/webpack/loaders/next-app-loader/index.js?name=app%2Fapi%2Fstudent%2Fdashboard%2Froute&page=%2Fapi%2Fstudent%2Fdashboard%2Froute&appPaths=&allNormalizedAppPaths=&pagePath=private-next-app-dir%2Fapi%2Fstudent%2Fdashboard%2Froute.js&appDir=D%3A%5CSp%5CProjects%5CHostelhub%5Csrc%5Capp&pageExtensions=tsx&pageExtensions=ts&pageExtensions=jsx&pageExtensions=js&rootDir=D%3A%5CSp%5CProjects%5CHostelhub&isDev=true&tsconfigPath=&basePath=&assetPrefix=&nextConfigOutput=&preferredRegion=&middlewareConfig=e30%3D&isGlobalNotFoundEnabled=!:362:13)
    at async DevServer.renderToResponseWithComponentsImpl (D:\Sp\Projects\Hostelhub\node_modules\next\dist\server\base-server.js:1454:9)
    at async DevServer.renderPageComponent (D:\Sp\Projects\Hostelhub\node_modules\next\dist\server\base-server.js:1506:24)
    at async DevServer.renderToResponseImpl (D:\Sp\Projects\Hostelhub\node_modules\next\dist\server\base-server.js:1556:32)
    at async DevServer.pipeImpl (D:\Sp\Projects\Hostelhub\node_modules\next\dist\server\base-server.js:1043:25)
    at async NextNodeServer.handleCatchallRenderRequest (D:\Sp\Projects\Hostelhub\node_modules\next\dist\server\next-server.js:338:17)
    at async DevServer.handleRequestImpl (D:\Sp\Projects\Hostelhub\node_modules\next\dist\server\base-server.js:934:17)
    at async D:\Sp\Projects\Hostelhub\node_modules\next\dist\server\dev\next-dev-server.js:394:20
    at async Span.traceAsyncFn (D:\Sp\Projects\Hostelhub\node_modules\next\dist\trace\trace.js:164:20)
    at async DevServer.handleRequest (D:\Sp\Projects\Hostelhub\node_modules\next\dist\server\dev\next-dev-server.js:390:24)
    at async invokeRender (D:\Sp\Projects\Hostelhub\node_modules\next\dist\server\lib\router-server.js:253:21)
    at async handleRequest (D:\Sp\Projects\Hostelhub\node_modules\next\dist\server\lib\router-server.js:452:24)
    at async requestHandlerImpl (D:\Sp\Projects\Hostelhub\node_modules\next\dist\server\lib\router-server.js:501:13)
    at async Server.requestListener (D:\Sp\Projects\Hostelhub\node_modules\next\dist\server\lib\start-server.js:225:13)
[2026-04-28T20:48:50.920Z] Error: Student query failed: Schema hasn't been registered for model "Room".
Use mongoose.model(name, schema)
    at GET (webpack-internal:///(rsc)/./src/app/api/student/dashboard/route.js:61:19)
    at process.processTicksAndRejections (node:internal/process/task_queues:105:5)
    at async AppRouteRouteModule.do (D:\Sp\Projects\Hostelhub\node_modules\next\dist\compiled\next-server\app-route.runtime.dev.js:5:40732)
    at async AppRouteRouteModule.handle (D:\Sp\Projects\Hostelhub\node_modules\next\dist\compiled\next-server\app-route.runtime.dev.js:5:47861)
    at async responseGenerator (webpack-internal:///(rsc)/./node_modules/next/dist/build/webpack/loaders/next-app-loader/index.js?name=app%2Fapi%2Fstudent%2Fdashboard%2Froute&page=%2Fapi%2Fstudent%2Fdashboard%2Froute&appPaths=&allNormalizedAppPaths=&pagePath=private-next-app-dir%2Fapi%2Fstudent%2Fdashboard%2Froute.js&appDir=D%3A%5CSp%5CProjects%5CHostelhub%5Csrc%5Capp&pageExtensions=tsx&pageExtensions=ts&pageExtensions=jsx&pageExtensions=js&rootDir=D%3A%5CSp%5CProjects%5CHostelhub&isDev=true&tsconfigPath=&basePath=&assetPrefix=&nextConfigOutput=&preferredRegion=&middlewareConfig=e30%3D&isGlobalNotFoundEnabled=!:244:38)
    at async AppRouteRouteModule.handleResponse (D:\Sp\Projects\Hostelhub\node_modules\next\dist\compiled\next-server\app-route.runtime.dev.js:1:227141)
    at async handleResponse (webpack-internal:///(rsc)/./node_modules/next/dist/build/webpack/loaders/next-app-loader/index.js?name=app%2Fapi%2Fstudent%2Fdashboard%2Froute&page=%2Fapi%2Fstudent%2Fdashboard%2Froute&appPaths=&allNormalizedAppPaths=&pagePath=private-next-app-dir%2Fapi%2Fstudent%2Fdashboard%2Froute.js&appDir=D%3A%5CSp%5CProjects%5CHostelhub%5Csrc%5Capp&pageExtensions=tsx&pageExtensions=ts&pageExtensions=jsx&pageExtensions=js&rootDir=D%3A%5CSp%5CProjects%5CHostelhub&isDev=true&tsconfigPath=&basePath=&assetPrefix=&nextConfigOutput=&preferredRegion=&middlewareConfig=e30%3D&isGlobalNotFoundEnabled=!:307:32)
    at async Module.handler (webpack-internal:///(rsc)/./node_modules/next/dist/build/webpack/loaders/next-app-loader/index.js?name=app%2Fapi%2Fstudent%2Fdashboard%2Froute&page=%2Fapi%2Fstudent%2Fdashboard%2Froute&appPaths=&allNormalizedAppPaths=&pagePath=private-next-app-dir%2Fapi%2Fstudent%2Fdashboard%2Froute.js&appDir=D%3A%5CSp%5CProjects%5CHostelhub%5Csrc%5Capp&pageExtensions=tsx&pageExtensions=ts&pageExtensions=jsx&pageExtensions=js&rootDir=D%3A%5CSp%5CProjects%5CHostelhub&isDev=true&tsconfigPath=&basePath=&assetPrefix=&nextConfigOutput=&preferredRegion=&middlewareConfig=e30%3D&isGlobalNotFoundEnabled=!:362:13)
    at async DevServer.renderToResponseWithComponentsImpl (D:\Sp\Projects\Hostelhub\node_modules\next\dist\server\base-server.js:1454:9)
    at async DevServer.renderPageComponent (D:\Sp\Projects\Hostelhub\node_modules\next\dist\server\base-server.js:1506:24)
    at async DevServer.renderToResponseImpl (D:\Sp\Projects\Hostelhub\node_modules\next\dist\server\base-server.js:1556:32)
    at async DevServer.pipeImpl (D:\Sp\Projects\Hostelhub\node_modules\next\dist\server\base-server.js:1043:25)
    at async NextNodeServer.handleCatchallRenderRequest (D:\Sp\Projects\Hostelhub\node_modules\next\dist\server\next-server.js:338:17)
    at async DevServer.handleRequestImpl (D:\Sp\Projects\Hostelhub\node_modules\next\dist\server\base-server.js:934:17)
    at async D:\Sp\Projects\Hostelhub\node_modules\next\dist\server\dev\next-dev-server.js:394:20
    at async Span.traceAsyncFn (D:\Sp\Projects\Hostelhub\node_modules\next\dist\trace\trace.js:164:20)
    at async DevServer.handleRequest (D:\Sp\Projects\Hostelhub\node_modules\next\dist\server\dev\next-dev-server.js:390:24)
    at async invokeRender (D:\Sp\Projects\Hostelhub\node_modules\next\dist\server\lib\router-server.js:253:21)
    at async handleRequest (D:\Sp\Projects\Hostelhub\node_modules\next\dist\server\lib\router-server.js:452:24)
    at async requestHandlerImpl (D:\Sp\Projects\Hostelhub\node_modules\next\dist\server\lib\router-server.js:501:13)
    at async Server.requestListener (D:\Sp\Projects\Hostelhub\node_modules\next\dist\server\lib\start-server.js:225:13)
[2026-04-28T20:49:48.132Z] Error: Student query failed: Schema hasn't been registered for model "Room".
Use mongoose.model(name, schema)
    at GET (webpack-internal:///(rsc)/./src/app/api/student/dashboard/route.js:61:19)
    at process.processTicksAndRejections (node:internal/process/task_queues:105:5)
    at async AppRouteRouteModule.do (D:\Sp\Projects\Hostelhub\node_modules\next\dist\compiled\next-server\app-route.runtime.dev.js:5:40732)
    at async AppRouteRouteModule.handle (D:\Sp\Projects\Hostelhub\node_modules\next\dist\compiled\next-server\app-route.runtime.dev.js:5:47861)
    at async responseGenerator (webpack-internal:///(rsc)/./node_modules/next/dist/build/webpack/loaders/next-app-loader/index.js?name=app%2Fapi%2Fstudent%2Fdashboard%2Froute&page=%2Fapi%2Fstudent%2Fdashboard%2Froute&appPaths=&allNormalizedAppPaths=&pagePath=private-next-app-dir%2Fapi%2Fstudent%2Fdashboard%2Froute.js&appDir=D%3A%5CSp%5CProjects%5CHostelhub%5Csrc%5Capp&pageExtensions=tsx&pageExtensions=ts&pageExtensions=jsx&pageExtensions=js&rootDir=D%3A%5CSp%5CProjects%5CHostelhub&isDev=true&tsconfigPath=&basePath=&assetPrefix=&nextConfigOutput=&preferredRegion=&middlewareConfig=e30%3D&isGlobalNotFoundEnabled=!:244:38)
    at async AppRouteRouteModule.handleResponse (D:\Sp\Projects\Hostelhub\node_modules\next\dist\compiled\next-server\app-route.runtime.dev.js:1:227141)
    at async handleResponse (webpack-internal:///(rsc)/./node_modules/next/dist/build/webpack/loaders/next-app-loader/index.js?name=app%2Fapi%2Fstudent%2Fdashboard%2Froute&page=%2Fapi%2Fstudent%2Fdashboard%2Froute&appPaths=&allNormalizedAppPaths=&pagePath=private-next-app-dir%2Fapi%2Fstudent%2Fdashboard%2Froute.js&appDir=D%3A%5CSp%5CProjects%5CHostelhub%5Csrc%5Capp&pageExtensions=tsx&pageExtensions=ts&pageExtensions=jsx&pageExtensions=js&rootDir=D%3A%5CSp%5CProjects%5CHostelhub&isDev=true&tsconfigPath=&basePath=&assetPrefix=&nextConfigOutput=&preferredRegion=&middlewareConfig=e30%3D&isGlobalNotFoundEnabled=!:307:32)
    at async Module.handler (webpack-internal:///(rsc)/./node_modules/next/dist/build/webpack/loaders/next-app-loader/index.js?name=app%2Fapi%2Fstudent%2Fdashboard%2Froute&page=%2Fapi%2Fstudent%2Fdashboard%2Froute&appPaths=&allNormalizedAppPaths=&pagePath=private-next-app-dir%2Fapi%2Fstudent%2Fdashboard%2Froute.js&appDir=D%3A%5CSp%5CProjects%5CHostelhub%5Csrc%5Capp&pageExtensions=tsx&pageExtensions=ts&pageExtensions=jsx&pageExtensions=js&rootDir=D%3A%5CSp%5CProjects%5CHostelhub&isDev=true&tsconfigPath=&basePath=&assetPrefix=&nextConfigOutput=&preferredRegion=&middlewareConfig=e30%3D&isGlobalNotFoundEnabled=!:362:13)
    at async DevServer.renderToResponseWithComponentsImpl (D:\Sp\Projects\Hostelhub\node_modules\next\dist\server\base-server.js:1454:9)
    at async DevServer.renderPageComponent (D:\Sp\Projects\Hostelhub\node_modules\next\dist\server\base-server.js:1506:24)
    at async DevServer.renderToResponseImpl (D:\Sp\Projects\Hostelhub\node_modules\next\dist\server\base-server.js:1556:32)
    at async DevServer.pipeImpl (D:\Sp\Projects\Hostelhub\node_modules\next\dist\server\base-server.js:1043:25)
    at async NextNodeServer.handleCatchallRenderRequest (D:\Sp\Projects\Hostelhub\node_modules\next\dist\server\next-server.js:338:17)
    at async DevServer.handleRequestImpl (D:\Sp\Projects\Hostelhub\node_modules\next\dist\server\base-server.js:934:17)
    at async D:\Sp\Projects\Hostelhub\node_modules\next\dist\server\dev\next-dev-server.js:394:20
    at async Span.traceAsyncFn (D:\Sp\Projects\Hostelhub\node_modules\next\dist\trace\trace.js:164:20)
    at async DevServer.handleRequest (D:\Sp\Projects\Hostelhub\node_modules\next\dist\server\dev\next-dev-server.js:390:24)
    at async invokeRender (D:\Sp\Projects\Hostelhub\node_modules\next\dist\server\lib\router-server.js:253:21)
    at async handleRequest (D:\Sp\Projects\Hostelhub\node_modules\next\dist\server\lib\router-server.js:452:24)
    at async requestHandlerImpl (D:\Sp\Projects\Hostelhub\node_modules\next\dist\server\lib\router-server.js:501:13)
    at async Server.requestListener (D:\Sp\Projects\Hostelhub\node_modules\next\dist\server\lib\start-server.js:225:13)
[2026-04-28T20:50:21.053Z] Error: Student query failed: Schema hasn't been registered for model "Room".
Use mongoose.model(name, schema)
    at GET (webpack-internal:///(rsc)/./src/app/api/student/dashboard/route.js:61:19)
    at process.processTicksAndRejections (node:internal/process/task_queues:105:5)
    at async AppRouteRouteModule.do (D:\Sp\Projects\Hostelhub\node_modules\next\dist\compiled\next-server\app-route.runtime.dev.js:5:40732)
    at async AppRouteRouteModule.handle (D:\Sp\Projects\Hostelhub\node_modules\next\dist\compiled\next-server\app-route.runtime.dev.js:5:47861)
    at async responseGenerator (webpack-internal:///(rsc)/./node_modules/next/dist/build/webpack/loaders/next-app-loader/index.js?name=app%2Fapi%2Fstudent%2Fdashboard%2Froute&page=%2Fapi%2Fstudent%2Fdashboard%2Froute&appPaths=&allNormalizedAppPaths=&pagePath=private-next-app-dir%2Fapi%2Fstudent%2Fdashboard%2Froute.js&appDir=D%3A%5CSp%5CProjects%5CHostelhub%5Csrc%5Capp&pageExtensions=tsx&pageExtensions=ts&pageExtensions=jsx&pageExtensions=js&rootDir=D%3A%5CSp%5CProjects%5CHostelhub&isDev=true&tsconfigPath=&basePath=&assetPrefix=&nextConfigOutput=&preferredRegion=&middlewareConfig=e30%3D&isGlobalNotFoundEnabled=!:244:38)
    at async AppRouteRouteModule.handleResponse (D:\Sp\Projects\Hostelhub\node_modules\next\dist\compiled\next-server\app-route.runtime.dev.js:1:227141)
    at async handleResponse (webpack-internal:///(rsc)/./node_modules/next/dist/build/webpack/loaders/next-app-loader/index.js?name=app%2Fapi%2Fstudent%2Fdashboard%2Froute&page=%2Fapi%2Fstudent%2Fdashboard%2Froute&appPaths=&allNormalizedAppPaths=&pagePath=private-next-app-dir%2Fapi%2Fstudent%2Fdashboard%2Froute.js&appDir=D%3A%5CSp%5CProjects%5CHostelhub%5Csrc%5Capp&pageExtensions=tsx&pageExtensions=ts&pageExtensions=jsx&pageExtensions=js&rootDir=D%3A%5CSp%5CProjects%5CHostelhub&isDev=true&tsconfigPath=&basePath=&assetPrefix=&nextConfigOutput=&preferredRegion=&middlewareConfig=e30%3D&isGlobalNotFoundEnabled=!:307:32)
    at async Module.handler (webpack-internal:///(rsc)/./node_modules/next/dist/build/webpack/loaders/next-app-loader/index.js?name=app%2Fapi%2Fstudent%2Fdashboard%2Froute&page=%2Fapi%2Fstudent%2Fdashboard%2Froute&appPaths=&allNormalizedAppPaths=&pagePath=private-next-app-dir%2Fapi%2Fstudent%2Fdashboard%2Froute.js&appDir=D%3A%5CSp%5CProjects%5CHostelhub%5Csrc%5Capp&pageExtensions=tsx&pageExtensions=ts&pageExtensions=jsx&pageExtensions=js&rootDir=D%3A%5CSp%5CProjects%5CHostelhub&isDev=true&tsconfigPath=&basePath=&assetPrefix=&nextConfigOutput=&preferredRegion=&middlewareConfig=e30%3D&isGlobalNotFoundEnabled=!:362:13)
    at async DevServer.renderToResponseWithComponentsImpl (D:\Sp\Projects\Hostelhub\node_modules\next\dist\server\base-server.js:1454:9)
    at async DevServer.renderPageComponent (D:\Sp\Projects\Hostelhub\node_modules\next\dist\server\base-server.js:1506:24)
    at async DevServer.renderToResponseImpl (D:\Sp\Projects\Hostelhub\node_modules\next\dist\server\base-server.js:1556:32)
    at async DevServer.pipeImpl (D:\Sp\Projects\Hostelhub\node_modules\next\dist\server\base-server.js:1043:25)
    at async NextNodeServer.handleCatchallRenderRequest (D:\Sp\Projects\Hostelhub\node_modules\next\dist\server\next-server.js:338:17)
    at async DevServer.handleRequestImpl (D:\Sp\Projects\Hostelhub\node_modules\next\dist\server\base-server.js:934:17)
    at async D:\Sp\Projects\Hostelhub\node_modules\next\dist\server\dev\next-dev-server.js:394:20
    at async Span.traceAsyncFn (D:\Sp\Projects\Hostelhub\node_modules\next\dist\trace\trace.js:164:20)
    at async DevServer.handleRequest (D:\Sp\Projects\Hostelhub\node_modules\next\dist\server\dev\next-dev-server.js:390:24)
    at async invokeRender (D:\Sp\Projects\Hostelhub\node_modules\next\dist\server\lib\router-server.js:253:21)
    at async handleRequest (D:\Sp\Projects\Hostelhub\node_modules\next\dist\server\lib\router-server.js:452:24)
    at async requestHandlerImpl (D:\Sp\Projects\Hostelhub\node_modules\next\dist\server\lib\router-server.js:501:13)
    at async Server.requestListener (D:\Sp\Projects\Hostelhub\node_modules\next\dist\server\lib\start-server.js:225:13)
[2026-04-28T20:50:22.535Z] Error: Student query failed: Schema hasn't been registered for model "Room".
Use mongoose.model(name, schema)
    at GET (webpack-internal:///(rsc)/./src/app/api/student/dashboard/route.js:61:19)
    at process.processTicksAndRejections (node:internal/process/task_queues:105:5)
    at async AppRouteRouteModule.do (D:\Sp\Projects\Hostelhub\node_modules\next\dist\compiled\next-server\app-route.runtime.dev.js:5:40732)
    at async AppRouteRouteModule.handle (D:\Sp\Projects\Hostelhub\node_modules\next\dist\compiled\next-server\app-route.runtime.dev.js:5:47861)
    at async responseGenerator (webpack-internal:///(rsc)/./node_modules/next/dist/build/webpack/loaders/next-app-loader/index.js?name=app%2Fapi%2Fstudent%2Fdashboard%2Froute&page=%2Fapi%2Fstudent%2Fdashboard%2Froute&appPaths=&allNormalizedAppPaths=&pagePath=private-next-app-dir%2Fapi%2Fstudent%2Fdashboard%2Froute.js&appDir=D%3A%5CSp%5CProjects%5CHostelhub%5Csrc%5Capp&pageExtensions=tsx&pageExtensions=ts&pageExtensions=jsx&pageExtensions=js&rootDir=D%3A%5CSp%5CProjects%5CHostelhub&isDev=true&tsconfigPath=&basePath=&assetPrefix=&nextConfigOutput=&preferredRegion=&middlewareConfig=e30%3D&isGlobalNotFoundEnabled=!:244:38)
    at async AppRouteRouteModule.handleResponse (D:\Sp\Projects\Hostelhub\node_modules\next\dist\compiled\next-server\app-route.runtime.dev.js:1:227141)
    at async handleResponse (webpack-internal:///(rsc)/./node_modules/next/dist/build/webpack/loaders/next-app-loader/index.js?name=app%2Fapi%2Fstudent%2Fdashboard%2Froute&page=%2Fapi%2Fstudent%2Fdashboard%2Froute&appPaths=&allNormalizedAppPaths=&pagePath=private-next-app-dir%2Fapi%2Fstudent%2Fdashboard%2Froute.js&appDir=D%3A%5CSp%5CProjects%5CHostelhub%5Csrc%5Capp&pageExtensions=tsx&pageExtensions=ts&pageExtensions=jsx&pageExtensions=js&rootDir=D%3A%5CSp%5CProjects%5CHostelhub&isDev=true&tsconfigPath=&basePath=&assetPrefix=&nextConfigOutput=&preferredRegion=&middlewareConfig=e30%3D&isGlobalNotFoundEnabled=!:307:32)
    at async Module.handler (webpack-internal:///(rsc)/./node_modules/next/dist/build/webpack/loaders/next-app-loader/index.js?name=app%2Fapi%2Fstudent%2Fdashboard%2Froute&page=%2Fapi%2Fstudent%2Fdashboard%2Froute&appPaths=&allNormalizedAppPaths=&pagePath=private-next-app-dir%2Fapi%2Fstudent%2Fdashboard%2Froute.js&appDir=D%3A%5CSp%5CProjects%5CHostelhub%5Csrc%5Capp&pageExtensions=tsx&pageExtensions=ts&pageExtensions=jsx&pageExtensions=js&rootDir=D%3A%5CSp%5CProjects%5CHostelhub&isDev=true&tsconfigPath=&basePath=&assetPrefix=&nextConfigOutput=&preferredRegion=&middlewareConfig=e30%3D&isGlobalNotFoundEnabled=!:362:13)
    at async DevServer.renderToResponseWithComponentsImpl (D:\Sp\Projects\Hostelhub\node_modules\next\dist\server\base-server.js:1454:9)
    at async DevServer.renderPageComponent (D:\Sp\Projects\Hostelhub\node_modules\next\dist\server\base-server.js:1506:24)
    at async DevServer.renderToResponseImpl (D:\Sp\Projects\Hostelhub\node_modules\next\dist\server\base-server.js:1556:32)
    at async DevServer.pipeImpl (D:\Sp\Projects\Hostelhub\node_modules\next\dist\server\base-server.js:1043:25)
    at async NextNodeServer.handleCatchallRenderRequest (D:\Sp\Projects\Hostelhub\node_modules\next\dist\server\next-server.js:338:17)
    at async DevServer.handleRequestImpl (D:\Sp\Projects\Hostelhub\node_modules\next\dist\server\base-server.js:934:17)
    at async D:\Sp\Projects\Hostelhub\node_modules\next\dist\server\dev\next-dev-server.js:394:20
    at async Span.traceAsyncFn (D:\Sp\Projects\Hostelhub\node_modules\next\dist\trace\trace.js:164:20)
    at async DevServer.handleRequest (D:\Sp\Projects\Hostelhub\node_modules\next\dist\server\dev\next-dev-server.js:390:24)
    at async invokeRender (D:\Sp\Projects\Hostelhub\node_modules\next\dist\server\lib\router-server.js:253:21)
    at async handleRequest (D:\Sp\Projects\Hostelhub\node_modules\next\dist\server\lib\router-server.js:452:24)
    at async requestHandlerImpl (D:\Sp\Projects\Hostelhub\node_modules\next\dist\server\lib\router-server.js:501:13)
    at async Server.requestListener (D:\Sp\Projects\Hostelhub\node_modules\next\dist\server\lib\start-server.js:225:13)
[2026-04-28T20:50:24.992Z] Error: Student query failed: Schema hasn't been registered for model "Room".
Use mongoose.model(name, schema)
    at GET (webpack-internal:///(rsc)/./src/app/api/student/dashboard/route.js:61:19)
    at process.processTicksAndRejections (node:internal/process/task_queues:105:5)
    at async AppRouteRouteModule.do (D:\Sp\Projects\Hostelhub\node_modules\next\dist\compiled\next-server\app-route.runtime.dev.js:5:40732)
    at async AppRouteRouteModule.handle (D:\Sp\Projects\Hostelhub\node_modules\next\dist\compiled\next-server\app-route.runtime.dev.js:5:47861)
    at async responseGenerator (webpack-internal:///(rsc)/./node_modules/next/dist/build/webpack/loaders/next-app-loader/index.js?name=app%2Fapi%2Fstudent%2Fdashboard%2Froute&page=%2Fapi%2Fstudent%2Fdashboard%2Froute&appPaths=&allNormalizedAppPaths=&pagePath=private-next-app-dir%2Fapi%2Fstudent%2Fdashboard%2Froute.js&appDir=D%3A%5CSp%5CProjects%5CHostelhub%5Csrc%5Capp&pageExtensions=tsx&pageExtensions=ts&pageExtensions=jsx&pageExtensions=js&rootDir=D%3A%5CSp%5CProjects%5CHostelhub&isDev=true&tsconfigPath=&basePath=&assetPrefix=&nextConfigOutput=&preferredRegion=&middlewareConfig=e30%3D&isGlobalNotFoundEnabled=!:244:38)
    at async AppRouteRouteModule.handleResponse (D:\Sp\Projects\Hostelhub\node_modules\next\dist\compiled\next-server\app-route.runtime.dev.js:1:227141)
    at async handleResponse (webpack-internal:///(rsc)/./node_modules/next/dist/build/webpack/loaders/next-app-loader/index.js?name=app%2Fapi%2Fstudent%2Fdashboard%2Froute&page=%2Fapi%2Fstudent%2Fdashboard%2Froute&appPaths=&allNormalizedAppPaths=&pagePath=private-next-app-dir%2Fapi%2Fstudent%2Fdashboard%2Froute.js&appDir=D%3A%5CSp%5CProjects%5CHostelhub%5Csrc%5Capp&pageExtensions=tsx&pageExtensions=ts&pageExtensions=jsx&pageExtensions=js&rootDir=D%3A%5CSp%5CProjects%5CHostelhub&isDev=true&tsconfigPath=&basePath=&assetPrefix=&nextConfigOutput=&preferredRegion=&middlewareConfig=e30%3D&isGlobalNotFoundEnabled=!:307:32)
    at async Module.handler (webpack-internal:///(rsc)/./node_modules/next/dist/build/webpack/loaders/next-app-loader/index.js?name=app%2Fapi%2Fstudent%2Fdashboard%2Froute&page=%2Fapi%2Fstudent%2Fdashboard%2Froute&appPaths=&allNormalizedAppPaths=&pagePath=private-next-app-dir%2Fapi%2Fstudent%2Fdashboard%2Froute.js&appDir=D%3A%5CSp%5CProjects%5CHostelhub%5Csrc%5Capp&pageExtensions=tsx&pageExtensions=ts&pageExtensions=jsx&pageExtensions=js&rootDir=D%3A%5CSp%5CProjects%5CHostelhub&isDev=true&tsconfigPath=&basePath=&assetPrefix=&nextConfigOutput=&preferredRegion=&middlewareConfig=e30%3D&isGlobalNotFoundEnabled=!:362:13)
    at async DevServer.renderToResponseWithComponentsImpl (D:\Sp\Projects\Hostelhub\node_modules\next\dist\server\base-server.js:1454:9)
    at async DevServer.renderPageComponent (D:\Sp\Projects\Hostelhub\node_modules\next\dist\server\base-server.js:1506:24)
    at async DevServer.renderToResponseImpl (D:\Sp\Projects\Hostelhub\node_modules\next\dist\server\base-server.js:1556:32)
    at async DevServer.pipeImpl (D:\Sp\Projects\Hostelhub\node_modules\next\dist\server\base-server.js:1043:25)
    at async NextNodeServer.handleCatchallRenderRequest (D:\Sp\Projects\Hostelhub\node_modules\next\dist\server\next-server.js:338:17)
    at async DevServer.handleRequestImpl (D:\Sp\Projects\Hostelhub\node_modules\next\dist\server\base-server.js:934:17)
    at async D:\Sp\Projects\Hostelhub\node_modules\next\dist\server\dev\next-dev-server.js:394:20
    at async Span.traceAsyncFn (D:\Sp\Projects\Hostelhub\node_modules\next\dist\trace\trace.js:164:20)
    at async DevServer.handleRequest (D:\Sp\Projects\Hostelhub\node_modules\next\dist\server\dev\next-dev-server.js:390:24)
    at async invokeRender (D:\Sp\Projects\Hostelhub\node_modules\next\dist\server\lib\router-server.js:253:21)
    at async handleRequest (D:\Sp\Projects\Hostelhub\node_modules\next\dist\server\lib\router-server.js:452:24)
    at async requestHandlerImpl (D:\Sp\Projects\Hostelhub\node_modules\next\dist\server\lib\router-server.js:501:13)
    at async Server.requestListener (D:\Sp\Projects\Hostelhub\node_modules\next\dist\server\lib\start-server.js:225:13)
[2026-04-28T20:50:29.513Z] Error: Student query failed: Schema hasn't been registered for model "Room".
Use mongoose.model(name, schema)
    at GET (webpack-internal:///(rsc)/./src/app/api/student/dashboard/route.js:61:19)
    at process.processTicksAndRejections (node:internal/process/task_queues:105:5)
    at async AppRouteRouteModule.do (D:\Sp\Projects\Hostelhub\node_modules\next\dist\compiled\next-server\app-route.runtime.dev.js:5:40732)
    at async AppRouteRouteModule.handle (D:\Sp\Projects\Hostelhub\node_modules\next\dist\compiled\next-server\app-route.runtime.dev.js:5:47861)
    at async responseGenerator (webpack-internal:///(rsc)/./node_modules/next/dist/build/webpack/loaders/next-app-loader/index.js?name=app%2Fapi%2Fstudent%2Fdashboard%2Froute&page=%2Fapi%2Fstudent%2Fdashboard%2Froute&appPaths=&allNormalizedAppPaths=&pagePath=private-next-app-dir%2Fapi%2Fstudent%2Fdashboard%2Froute.js&appDir=D%3A%5CSp%5CProjects%5CHostelhub%5Csrc%5Capp&pageExtensions=tsx&pageExtensions=ts&pageExtensions=jsx&pageExtensions=js&rootDir=D%3A%5CSp%5CProjects%5CHostelhub&isDev=true&tsconfigPath=&basePath=&assetPrefix=&nextConfigOutput=&preferredRegion=&middlewareConfig=e30%3D&isGlobalNotFoundEnabled=!:244:38)
    at async AppRouteRouteModule.handleResponse (D:\Sp\Projects\Hostelhub\node_modules\next\dist\compiled\next-server\app-route.runtime.dev.js:1:227141)
    at async handleResponse (webpack-internal:///(rsc)/./node_modules/next/dist/build/webpack/loaders/next-app-loader/index.js?name=app%2Fapi%2Fstudent%2Fdashboard%2Froute&page=%2Fapi%2Fstudent%2Fdashboard%2Froute&appPaths=&allNormalizedAppPaths=&pagePath=private-next-app-dir%2Fapi%2Fstudent%2Fdashboard%2Froute.js&appDir=D%3A%5CSp%5CProjects%5CHostelhub%5Csrc%5Capp&pageExtensions=tsx&pageExtensions=ts&pageExtensions=jsx&pageExtensions=js&rootDir=D%3A%5CSp%5CProjects%5CHostelhub&isDev=true&tsconfigPath=&basePath=&assetPrefix=&nextConfigOutput=&preferredRegion=&middlewareConfig=e30%3D&isGlobalNotFoundEnabled=!:307:32)
    at async Module.handler (webpack-internal:///(rsc)/./node_modules/next/dist/build/webpack/loaders/next-app-loader/index.js?name=app%2Fapi%2Fstudent%2Fdashboard%2Froute&page=%2Fapi%2Fstudent%2Fdashboard%2Froute&appPaths=&allNormalizedAppPaths=&pagePath=private-next-app-dir%2Fapi%2Fstudent%2Fdashboard%2Froute.js&appDir=D%3A%5CSp%5CProjects%5CHostelhub%5Csrc%5Capp&pageExtensions=tsx&pageExtensions=ts&pageExtensions=jsx&pageExtensions=js&rootDir=D%3A%5CSp%5CProjects%5CHostelhub&isDev=true&tsconfigPath=&basePath=&assetPrefix=&nextConfigOutput=&preferredRegion=&middlewareConfig=e30%3D&isGlobalNotFoundEnabled=!:362:13)
    at async DevServer.renderToResponseWithComponentsImpl (D:\Sp\Projects\Hostelhub\node_modules\next\dist\server\base-server.js:1454:9)
    at async DevServer.renderPageComponent (D:\Sp\Projects\Hostelhub\node_modules\next\dist\server\base-server.js:1506:24)
    at async DevServer.renderToResponseImpl (D:\Sp\Projects\Hostelhub\node_modules\next\dist\server\base-server.js:1556:32)
    at async DevServer.pipeImpl (D:\Sp\Projects\Hostelhub\node_modules\next\dist\server\base-server.js:1043:25)
    at async NextNodeServer.handleCatchallRenderRequest (D:\Sp\Projects\Hostelhub\node_modules\next\dist\server\next-server.js:338:17)
    at async DevServer.handleRequestImpl (D:\Sp\Projects\Hostelhub\node_modules\next\dist\server\base-server.js:934:17)
    at async D:\Sp\Projects\Hostelhub\node_modules\next\dist\server\dev\next-dev-server.js:394:20
    at async Span.traceAsyncFn (D:\Sp\Projects\Hostelhub\node_modules\next\dist\trace\trace.js:164:20)
    at async DevServer.handleRequest (D:\Sp\Projects\Hostelhub\node_modules\next\dist\server\dev\next-dev-server.js:390:24)
    at async invokeRender (D:\Sp\Projects\Hostelhub\node_modules\next\dist\server\lib\router-server.js:253:21)
    at async handleRequest (D:\Sp\Projects\Hostelhub\node_modules\next\dist\server\lib\router-server.js:452:24)
    at async requestHandlerImpl (D:\Sp\Projects\Hostelhub\node_modules\next\dist\server\lib\router-server.js:501:13)
    at async Server.requestListener (D:\Sp\Projects\Hostelhub\node_modules\next\dist\server\lib\start-server.js:225:13)
[2026-04-28T20:50:44.687Z] Error: Student query failed: Schema hasn't been registered for model "Room".
Use mongoose.model(name, schema)
    at GET (webpack-internal:///(rsc)/./src/app/api/student/dashboard/route.js:61:19)
    at process.processTicksAndRejections (node:internal/process/task_queues:105:5)
    at async AppRouteRouteModule.do (D:\Sp\Projects\Hostelhub\node_modules\next\dist\compiled\next-server\app-route.runtime.dev.js:5:40732)
    at async AppRouteRouteModule.handle (D:\Sp\Projects\Hostelhub\node_modules\next\dist\compiled\next-server\app-route.runtime.dev.js:5:47861)
    at async responseGenerator (webpack-internal:///(rsc)/./node_modules/next/dist/build/webpack/loaders/next-app-loader/index.js?name=app%2Fapi%2Fstudent%2Fdashboard%2Froute&page=%2Fapi%2Fstudent%2Fdashboard%2Froute&appPaths=&allNormalizedAppPaths=&pagePath=private-next-app-dir%2Fapi%2Fstudent%2Fdashboard%2Froute.js&appDir=D%3A%5CSp%5CProjects%5CHostelhub%5Csrc%5Capp&pageExtensions=tsx&pageExtensions=ts&pageExtensions=jsx&pageExtensions=js&rootDir=D%3A%5CSp%5CProjects%5CHostelhub&isDev=true&tsconfigPath=&basePath=&assetPrefix=&nextConfigOutput=&preferredRegion=&middlewareConfig=e30%3D&isGlobalNotFoundEnabled=!:244:38)
    at async AppRouteRouteModule.handleResponse (D:\Sp\Projects\Hostelhub\node_modules\next\dist\compiled\next-server\app-route.runtime.dev.js:1:227141)
    at async handleResponse (webpack-internal:///(rsc)/./node_modules/next/dist/build/webpack/loaders/next-app-loader/index.js?name=app%2Fapi%2Fstudent%2Fdashboard%2Froute&page=%2Fapi%2Fstudent%2Fdashboard%2Froute&appPaths=&allNormalizedAppPaths=&pagePath=private-next-app-dir%2Fapi%2Fstudent%2Fdashboard%2Froute.js&appDir=D%3A%5CSp%5CProjects%5CHostelhub%5Csrc%5Capp&pageExtensions=tsx&pageExtensions=ts&pageExtensions=jsx&pageExtensions=js&rootDir=D%3A%5CSp%5CProjects%5CHostelhub&isDev=true&tsconfigPath=&basePath=&assetPrefix=&nextConfigOutput=&preferredRegion=&middlewareConfig=e30%3D&isGlobalNotFoundEnabled=!:307:32)
    at async Module.handler (webpack-internal:///(rsc)/./node_modules/next/dist/build/webpack/loaders/next-app-loader/index.js?name=app%2Fapi%2Fstudent%2Fdashboard%2Froute&page=%2Fapi%2Fstudent%2Fdashboard%2Froute&appPaths=&allNormalizedAppPaths=&pagePath=private-next-app-dir%2Fapi%2Fstudent%2Fdashboard%2Froute.js&appDir=D%3A%5CSp%5CProjects%5CHostelhub%5Csrc%5Capp&pageExtensions=tsx&pageExtensions=ts&pageExtensions=jsx&pageExtensions=js&rootDir=D%3A%5CSp%5CProjects%5CHostelhub&isDev=true&tsconfigPath=&basePath=&assetPrefix=&nextConfigOutput=&preferredRegion=&middlewareConfig=e30%3D&isGlobalNotFoundEnabled=!:362:13)
    at async DevServer.renderToResponseWithComponentsImpl (D:\Sp\Projects\Hostelhub\node_modules\next\dist\server\base-server.js:1454:9)
    at async DevServer.renderPageComponent (D:\Sp\Projects\Hostelhub\node_modules\next\dist\server\base-server.js:1506:24)
    at async DevServer.renderToResponseImpl (D:\Sp\Projects\Hostelhub\node_modules\next\dist\server\base-server.js:1556:32)
    at async DevServer.pipeImpl (D:\Sp\Projects\Hostelhub\node_modules\next\dist\server\base-server.js:1043:25)
    at async NextNodeServer.handleCatchallRenderRequest (D:\Sp\Projects\Hostelhub\node_modules\next\dist\server\next-server.js:338:17)
    at async DevServer.handleRequestImpl (D:\Sp\Projects\Hostelhub\node_modules\next\dist\server\base-server.js:934:17)
    at async D:\Sp\Projects\Hostelhub\node_modules\next\dist\server\dev\next-dev-server.js:394:20
    at async Span.traceAsyncFn (D:\Sp\Projects\Hostelhub\node_modules\next\dist\trace\trace.js:164:20)
    at async DevServer.handleRequest (D:\Sp\Projects\Hostelhub\node_modules\next\dist\server\dev\next-dev-server.js:390:24)
    at async invokeRender (D:\Sp\Projects\Hostelhub\node_modules\next\dist\server\lib\router-server.js:253:21)
    at async handleRequest (D:\Sp\Projects\Hostelhub\node_modules\next\dist\server\lib\router-server.js:452:24)
    at async requestHandlerImpl (D:\Sp\Projects\Hostelhub\node_modules\next\dist\server\lib\router-server.js:501:13)
    at async Server.requestListener (D:\Sp\Projects\Hostelhub\node_modules\next\dist\server\lib\start-server.js:225:13)
[2026-04-28T20:50:53.013Z] Error: Student query failed: Schema hasn't been registered for model "Room".
Use mongoose.model(name, schema)
    at GET (webpack-internal:///(rsc)/./src/app/api/student/dashboard/route.js:61:19)
    at process.processTicksAndRejections (node:internal/process/task_queues:105:5)
    at async AppRouteRouteModule.do (D:\Sp\Projects\Hostelhub\node_modules\next\dist\compiled\next-server\app-route.runtime.dev.js:5:40732)
    at async AppRouteRouteModule.handle (D:\Sp\Projects\Hostelhub\node_modules\next\dist\compiled\next-server\app-route.runtime.dev.js:5:47861)
    at async responseGenerator (webpack-internal:///(rsc)/./node_modules/next/dist/build/webpack/loaders/next-app-loader/index.js?name=app%2Fapi%2Fstudent%2Fdashboard%2Froute&page=%2Fapi%2Fstudent%2Fdashboard%2Froute&appPaths=&allNormalizedAppPaths=&pagePath=private-next-app-dir%2Fapi%2Fstudent%2Fdashboard%2Froute.js&appDir=D%3A%5CSp%5CProjects%5CHostelhub%5Csrc%5Capp&pageExtensions=tsx&pageExtensions=ts&pageExtensions=jsx&pageExtensions=js&rootDir=D%3A%5CSp%5CProjects%5CHostelhub&isDev=true&tsconfigPath=&basePath=&assetPrefix=&nextConfigOutput=&preferredRegion=&middlewareConfig=e30%3D&isGlobalNotFoundEnabled=!:244:38)
    at async AppRouteRouteModule.handleResponse (D:\Sp\Projects\Hostelhub\node_modules\next\dist\compiled\next-server\app-route.runtime.dev.js:1:227141)
    at async handleResponse (webpack-internal:///(rsc)/./node_modules/next/dist/build/webpack/loaders/next-app-loader/index.js?name=app%2Fapi%2Fstudent%2Fdashboard%2Froute&page=%2Fapi%2Fstudent%2Fdashboard%2Froute&appPaths=&allNormalizedAppPaths=&pagePath=private-next-app-dir%2Fapi%2Fstudent%2Fdashboard%2Froute.js&appDir=D%3A%5CSp%5CProjects%5CHostelhub%5Csrc%5Capp&pageExtensions=tsx&pageExtensions=ts&pageExtensions=jsx&pageExtensions=js&rootDir=D%3A%5CSp%5CProjects%5CHostelhub&isDev=true&tsconfigPath=&basePath=&assetPrefix=&nextConfigOutput=&preferredRegion=&middlewareConfig=e30%3D&isGlobalNotFoundEnabled=!:307:32)
    at async Module.handler (webpack-internal:///(rsc)/./node_modules/next/dist/build/webpack/loaders/next-app-loader/index.js?name=app%2Fapi%2Fstudent%2Fdashboard%2Froute&page=%2Fapi%2Fstudent%2Fdashboard%2Froute&appPaths=&allNormalizedAppPaths=&pagePath=private-next-app-dir%2Fapi%2Fstudent%2Fdashboard%2Froute.js&appDir=D%3A%5CSp%5CProjects%5CHostelhub%5Csrc%5Capp&pageExtensions=tsx&pageExtensions=ts&pageExtensions=jsx&pageExtensions=js&rootDir=D%3A%5CSp%5CProjects%5CHostelhub&isDev=true&tsconfigPath=&basePath=&assetPrefix=&nextConfigOutput=&preferredRegion=&middlewareConfig=e30%3D&isGlobalNotFoundEnabled=!:362:13)
    at async DevServer.renderToResponseWithComponentsImpl (D:\Sp\Projects\Hostelhub\node_modules\next\dist\server\base-server.js:1454:9)
    at async DevServer.renderPageComponent (D:\Sp\Projects\Hostelhub\node_modules\next\dist\server\base-server.js:1506:24)
    at async DevServer.renderToResponseImpl (D:\Sp\Projects\Hostelhub\node_modules\next\dist\server\base-server.js:1556:32)
    at async DevServer.pipeImpl (D:\Sp\Projects\Hostelhub\node_modules\next\dist\server\base-server.js:1043:25)
    at async NextNodeServer.handleCatchallRenderRequest (D:\Sp\Projects\Hostelhub\node_modules\next\dist\server\next-server.js:338:17)
    at async DevServer.handleRequestImpl (D:\Sp\Projects\Hostelhub\node_modules\next\dist\server\base-server.js:934:17)
    at async D:\Sp\Projects\Hostelhub\node_modules\next\dist\server\dev\next-dev-server.js:394:20
    at async Span.traceAsyncFn (D:\Sp\Projects\Hostelhub\node_modules\next\dist\trace\trace.js:164:20)
    at async DevServer.handleRequest (D:\Sp\Projects\Hostelhub\node_modules\next\dist\server\dev\next-dev-server.js:390:24)
    at async invokeRender (D:\Sp\Projects\Hostelhub\node_modules\next\dist\server\lib\router-server.js:253:21)
    at async handleRequest (D:\Sp\Projects\Hostelhub\node_modules\next\dist\server\lib\router-server.js:452:24)
    at async requestHandlerImpl (D:\Sp\Projects\Hostelhub\node_modules\next\dist\server\lib\router-server.js:501:13)
    at async Server.requestListener (D:\Sp\Projects\Hostelhub\node_modules\next\dist\server\lib\start-server.js:225:13)
[2026-04-28T20:50:55.507Z] Error: Student query failed: Schema hasn't been registered for model "Room".
Use mongoose.model(name, schema)
    at GET (webpack-internal:///(rsc)/./src/app/api/student/dashboard/route.js:61:19)
    at process.processTicksAndRejections (node:internal/process/task_queues:105:5)
    at async AppRouteRouteModule.do (D:\Sp\Projects\Hostelhub\node_modules\next\dist\compiled\next-server\app-route.runtime.dev.js:5:40732)
    at async AppRouteRouteModule.handle (D:\Sp\Projects\Hostelhub\node_modules\next\dist\compiled\next-server\app-route.runtime.dev.js:5:47861)
    at async responseGenerator (webpack-internal:///(rsc)/./node_modules/next/dist/build/webpack/loaders/next-app-loader/index.js?name=app%2Fapi%2Fstudent%2Fdashboard%2Froute&page=%2Fapi%2Fstudent%2Fdashboard%2Froute&appPaths=&allNormalizedAppPaths=&pagePath=private-next-app-dir%2Fapi%2Fstudent%2Fdashboard%2Froute.js&appDir=D%3A%5CSp%5CProjects%5CHostelhub%5Csrc%5Capp&pageExtensions=tsx&pageExtensions=ts&pageExtensions=jsx&pageExtensions=js&rootDir=D%3A%5CSp%5CProjects%5CHostelhub&isDev=true&tsconfigPath=&basePath=&assetPrefix=&nextConfigOutput=&preferredRegion=&middlewareConfig=e30%3D&isGlobalNotFoundEnabled=!:244:38)
    at async AppRouteRouteModule.handleResponse (D:\Sp\Projects\Hostelhub\node_modules\next\dist\compiled\next-server\app-route.runtime.dev.js:1:227141)
    at async handleResponse (webpack-internal:///(rsc)/./node_modules/next/dist/build/webpack/loaders/next-app-loader/index.js?name=app%2Fapi%2Fstudent%2Fdashboard%2Froute&page=%2Fapi%2Fstudent%2Fdashboard%2Froute&appPaths=&allNormalizedAppPaths=&pagePath=private-next-app-dir%2Fapi%2Fstudent%2Fdashboard%2Froute.js&appDir=D%3A%5CSp%5CProjects%5CHostelhub%5Csrc%5Capp&pageExtensions=tsx&pageExtensions=ts&pageExtensions=jsx&pageExtensions=js&rootDir=D%3A%5CSp%5CProjects%5CHostelhub&isDev=true&tsconfigPath=&basePath=&assetPrefix=&nextConfigOutput=&preferredRegion=&middlewareConfig=e30%3D&isGlobalNotFoundEnabled=!:307:32)
    at async Module.handler (webpack-internal:///(rsc)/./node_modules/next/dist/build/webpack/loaders/next-app-loader/index.js?name=app%2Fapi%2Fstudent%2Fdashboard%2Froute&page=%2Fapi%2Fstudent%2Fdashboard%2Froute&appPaths=&allNormalizedAppPaths=&pagePath=private-next-app-dir%2Fapi%2Fstudent%2Fdashboard%2Froute.js&appDir=D%3A%5CSp%5CProjects%5CHostelhub%5Csrc%5Capp&pageExtensions=tsx&pageExtensions=ts&pageExtensions=jsx&pageExtensions=js&rootDir=D%3A%5CSp%5CProjects%5CHostelhub&isDev=true&tsconfigPath=&basePath=&assetPrefix=&nextConfigOutput=&preferredRegion=&middlewareConfig=e30%3D&isGlobalNotFoundEnabled=!:362:13)
    at async DevServer.renderToResponseWithComponentsImpl (D:\Sp\Projects\Hostelhub\node_modules\next\dist\server\base-server.js:1454:9)
    at async DevServer.renderPageComponent (D:\Sp\Projects\Hostelhub\node_modules\next\dist\server\base-server.js:1506:24)
    at async DevServer.renderToResponseImpl (D:\Sp\Projects\Hostelhub\node_modules\next\dist\server\base-server.js:1556:32)
    at async DevServer.pipeImpl (D:\Sp\Projects\Hostelhub\node_modules\next\dist\server\base-server.js:1043:25)
    at async NextNodeServer.handleCatchallRenderRequest (D:\Sp\Projects\Hostelhub\node_modules\next\dist\server\next-server.js:338:17)
    at async DevServer.handleRequestImpl (D:\Sp\Projects\Hostelhub\node_modules\next\dist\server\base-server.js:934:17)
    at async D:\Sp\Projects\Hostelhub\node_modules\next\dist\server\dev\next-dev-server.js:394:20
    at async Span.traceAsyncFn (D:\Sp\Projects\Hostelhub\node_modules\next\dist\trace\trace.js:164:20)
    at async DevServer.handleRequest (D:\Sp\Projects\Hostelhub\node_modules\next\dist\server\dev\next-dev-server.js:390:24)
    at async invokeRender (D:\Sp\Projects\Hostelhub\node_modules\next\dist\server\lib\router-server.js:253:21)
    at async handleRequest (D:\Sp\Projects\Hostelhub\node_modules\next\dist\server\lib\router-server.js:452:24)
    at async requestHandlerImpl (D:\Sp\Projects\Hostelhub\node_modules\next\dist\server\lib\router-server.js:501:13)
    at async Server.requestListener (D:\Sp\Projects\Hostelhub\node_modules\next\dist\server\lib\start-server.js:225:13)
[2026-04-28T20:50:59.917Z] Error: Student query failed: Schema hasn't been registered for model "Room".
Use mongoose.model(name, schema)
    at GET (webpack-internal:///(rsc)/./src/app/api/student/dashboard/route.js:61:19)
    at process.processTicksAndRejections (node:internal/process/task_queues:105:5)
    at async AppRouteRouteModule.do (D:\Sp\Projects\Hostelhub\node_modules\next\dist\compiled\next-server\app-route.runtime.dev.js:5:40732)
    at async AppRouteRouteModule.handle (D:\Sp\Projects\Hostelhub\node_modules\next\dist\compiled\next-server\app-route.runtime.dev.js:5:47861)
    at async responseGenerator (webpack-internal:///(rsc)/./node_modules/next/dist/build/webpack/loaders/next-app-loader/index.js?name=app%2Fapi%2Fstudent%2Fdashboard%2Froute&page=%2Fapi%2Fstudent%2Fdashboard%2Froute&appPaths=&allNormalizedAppPaths=&pagePath=private-next-app-dir%2Fapi%2Fstudent%2Fdashboard%2Froute.js&appDir=D%3A%5CSp%5CProjects%5CHostelhub%5Csrc%5Capp&pageExtensions=tsx&pageExtensions=ts&pageExtensions=jsx&pageExtensions=js&rootDir=D%3A%5CSp%5CProjects%5CHostelhub&isDev=true&tsconfigPath=&basePath=&assetPrefix=&nextConfigOutput=&preferredRegion=&middlewareConfig=e30%3D&isGlobalNotFoundEnabled=!:244:38)
    at async AppRouteRouteModule.handleResponse (D:\Sp\Projects\Hostelhub\node_modules\next\dist\compiled\next-server\app-route.runtime.dev.js:1:227141)
    at async handleResponse (webpack-internal:///(rsc)/./node_modules/next/dist/build/webpack/loaders/next-app-loader/index.js?name=app%2Fapi%2Fstudent%2Fdashboard%2Froute&page=%2Fapi%2Fstudent%2Fdashboard%2Froute&appPaths=&allNormalizedAppPaths=&pagePath=private-next-app-dir%2Fapi%2Fstudent%2Fdashboard%2Froute.js&appDir=D%3A%5CSp%5CProjects%5CHostelhub%5Csrc%5Capp&pageExtensions=tsx&pageExtensions=ts&pageExtensions=jsx&pageExtensions=js&rootDir=D%3A%5CSp%5CProjects%5CHostelhub&isDev=true&tsconfigPath=&basePath=&assetPrefix=&nextConfigOutput=&preferredRegion=&middlewareConfig=e30%3D&isGlobalNotFoundEnabled=!:307:32)
    at async Module.handler (webpack-internal:///(rsc)/./node_modules/next/dist/build/webpack/loaders/next-app-loader/index.js?name=app%2Fapi%2Fstudent%2Fdashboard%2Froute&page=%2Fapi%2Fstudent%2Fdashboard%2Froute&appPaths=&allNormalizedAppPaths=&pagePath=private-next-app-dir%2Fapi%2Fstudent%2Fdashboard%2Froute.js&appDir=D%3A%5CSp%5CProjects%5CHostelhub%5Csrc%5Capp&pageExtensions=tsx&pageExtensions=ts&pageExtensions=jsx&pageExtensions=js&rootDir=D%3A%5CSp%5CProjects%5CHostelhub&isDev=true&tsconfigPath=&basePath=&assetPrefix=&nextConfigOutput=&preferredRegion=&middlewareConfig=e30%3D&isGlobalNotFoundEnabled=!:362:13)
    at async DevServer.renderToResponseWithComponentsImpl (D:\Sp\Projects\Hostelhub\node_modules\next\dist\server\base-server.js:1454:9)
    at async DevServer.renderPageComponent (D:\Sp\Projects\Hostelhub\node_modules\next\dist\server\base-server.js:1506:24)
    at async DevServer.renderToResponseImpl (D:\Sp\Projects\Hostelhub\node_modules\next\dist\server\base-server.js:1556:32)
    at async DevServer.pipeImpl (D:\Sp\Projects\Hostelhub\node_modules\next\dist\server\base-server.js:1043:25)
    at async NextNodeServer.handleCatchallRenderRequest (D:\Sp\Projects\Hostelhub\node_modules\next\dist\server\next-server.js:338:17)
    at async DevServer.handleRequestImpl (D:\Sp\Projects\Hostelhub\node_modules\next\dist\server\base-server.js:934:17)
    at async D:\Sp\Projects\Hostelhub\node_modules\next\dist\server\dev\next-dev-server.js:394:20
    at async Span.traceAsyncFn (D:\Sp\Projects\Hostelhub\node_modules\next\dist\trace\trace.js:164:20)
    at async DevServer.handleRequest (D:\Sp\Projects\Hostelhub\node_modules\next\dist\server\dev\next-dev-server.js:390:24)
    at async invokeRender (D:\Sp\Projects\Hostelhub\node_modules\next\dist\server\lib\router-server.js:253:21)
    at async handleRequest (D:\Sp\Projects\Hostelhub\node_modules\next\dist\server\lib\router-server.js:452:24)
    at async requestHandlerImpl (D:\Sp\Projects\Hostelhub\node_modules\next\dist\server\lib\router-server.js:501:13)
    at async Server.requestListener (D:\Sp\Projects\Hostelhub\node_modules\next\dist\server\lib\start-server.js:225:13)
